#
# A fatal error has been detected by the Java Runtime Environment:
#
#  EXCEPTION_ACCESS_VIOLATION (0xc0000005) at pc=0x00007fffe5de585a, pid=12456, tid=6748
#
# JRE version: OpenJDK Runtime Environment Temurin-21.0.7+6 (21.0.7+6) (build 21.0.7+6-LTS)
# Java VM: OpenJDK 64-Bit Server VM Temurin-21.0.7+6 (21.0.7+6-LTS, mixed mode, sharing, tiered, compressed oops, compressed class ptrs, parallel gc, windows-amd64)
# Problematic frame:
# V  [jvm.dll+0x3b585a]
#
# No core dump will be written. Minidumps are not enabled by default on client versions of Windows
#
# If you would like to submit a bug report, please visit:
#   https://github.com/adoptium/adoptium-support/issues
#

---------------  S U M M A R Y ------------

Command Line: --add-modules=ALL-SYSTEM --add-opens=java.base/java.util=ALL-UNNAMED --add-opens=java.base/java.lang=ALL-UNNAMED --add-opens=java.base/sun.nio.fs=ALL-UNNAMED -Declipse.application=org.eclipse.jdt.ls.core.id1 -Dosgi.bundles.defaultStartLevel=4 -Declipse.product=org.eclipse.jdt.ls.core.product -Djava.import.generatesMetadataFilesAtProjectRoot=false -DDetectVMInstallationsJob.disabled=true -Dfile.encoding=utf8 -XX:+UseParallelGC -XX:GCTimeRatio=4 -XX:AdaptiveSizePolicyWeight=90 -Dsun.zip.disableMemoryMapping=true -Xmx2G -Xms100m -Xlog:disable -javaagent:c:\Users\afons\.vscode\extensions\redhat.java-1.43.1-win32-x64\lombok\lombok-1.18.39-4050.jar -XX:+HeapDumpOnOutOfMemoryError -XX:HeapDumpPath=c:\Users\afons\AppData\Roaming\Code\User\workspaceStorage\b2509ea36dbf2085d57c344f080729fb\redhat.java -Daether.dependencyCollector.impl=bf c:\Users\afons\.vscode\extensions\redhat.java-1.43.1-win32-x64\server\plugins\org.eclipse.equinox.launcher_1.7.0.v20250519-0528.jar -configuration c:\Users\afons\AppData\Roaming\Code\User\globalStorage\redhat.java\1.43.1\config_win -data c:\Users\afons\AppData\Roaming\Code\User\workspaceStorage\b2509ea36dbf2085d57c344f080729fb\redhat.java\jdt_ws --pipe=\\.\pipe\lsp-e6df963c8767d710369edd1004919c9e-sock

Host: Intel(R) Core(TM) i5-10210U CPU @ 1.60GHz, 8 cores, 7G,  Windows 11 , 64 bit Build 26100 (10.0.26100.4768)
Time: Fri Jul 25 08:43:54 2025 Hora Padrão da Bahia elapsed time: 14.213595 seconds (0d 0h 0m 14s)

---------------  T H R E A D  ---------------

Current thread (0x000002154307b380):  JavaThread "C2 CompilerThread2" daemon [_thread_in_native, id=6748, stack(0x0000008f19c00000,0x0000008f19d00000) (1024K)]


Current CompileTask:
C2:14213 10001       4       java.lang.invoke.MethodType::makeImpl (109 bytes)

Stack: [0x0000008f19c00000,0x0000008f19d00000],  sp=0x0000008f19cfc720,  free space=1009k
Native frames: (J=compiled Java code, j=interpreted, Vv=VM code, C=native code)
V  [jvm.dll+0x3b585a]
V  [jvm.dll+0x1dfcdf]
V  [jvm.dll+0x247c42]
V  [jvm.dll+0x2470cf]
V  [jvm.dll+0x1c760e]
V  [jvm.dll+0x25695a]
V  [jvm.dll+0x254efa]
V  [jvm.dll+0x3f03f6]
V  [jvm.dll+0x851f6b]
V  [jvm.dll+0x6cc7dd]
C  [ucrtbase.dll+0x37b0]
C  [KERNEL32.DLL+0x2e8d7]
C  [ntdll.dll+0x3c34c]


siginfo: EXCEPTION_ACCESS_VIOLATION (0xc0000005), reading address 0xffffffffffffffff


Registers:
RAX=0x0000008f19cfcdc0, RBX=0x0000000000400000, RCX=0x7ff0000000000000, RDX=0x0000000000000001
RSP=0x0000008f19cfc720, RBP=0x0000008f19cfc820, RSI=0x0000000000000001, RDI=0x0000000000000002
R8 =0x00080215415a9680, R9 =0x0000021542d7b3a0, R10=0x00007fffe6655b00, R11=0x000000000000000a
R12=0x0000021544109a4c, R13=0x000000000000000a, R14=0x0000021544d6b060, R15=0x0000021544109a20
RIP=0x00007fffe5de585a, EFLAGS=0x0000000000010246

XMM[0]=0x0000000000000000 0x3d8a5c6414c576ee
XMM[1]=0x0000000000000000 0x3f92ece5dae36669
XMM[2]=0x0000000000000000 0x3d7192ed632e4f49
XMM[3]=0x0000000000000000 0x0000000000000000
XMM[4]=0x0000000000000000 0x0000000000000000
XMM[5]=0x0000000000000000 0x0000000000000000
XMM[6]=0x0000000000000000 0x3d7192ed632e4f49
XMM[7]=0x0000000000000000 0x0000000000000000
XMM[8]=0x0000000000000000 0x0000000000000000
XMM[9]=0x0000000000000000 0x0000000000000000
XMM[10]=0x0000000000000000 0x0000000000000000
XMM[11]=0x0000000000000000 0x0000000000000000
XMM[12]=0x0000000000000000 0x0000000000000000
XMM[13]=0x0000000000000000 0x0000000000000000
XMM[14]=0x0000000000000000 0x0000000000000000
XMM[15]=0x0000000000000000 0x0000000000000000
  MXCSR=0x00001fa0


Register to memory mapping:

RAX=0x0000008f19cfcdc0 is pointing into the stack for thread: 0x000002154307b380
RBX=0x0000000000400000 is an unknown value
RCX=0x7ff0000000000000 is an unknown value
RDX=0x0000000000000001 is an unknown value
RSP=0x0000008f19cfc720 is pointing into the stack for thread: 0x000002154307b380
RBP=0x0000008f19cfc820 is pointing into the stack for thread: 0x000002154307b380
RSI=0x0000000000000001 is an unknown value
RDI=0x0000000000000002 is an unknown value
R8 =0x00080215415a9680 is an unknown value
R9 =0x0000021542d7b3a0 points into unknown readable memory: 0x00007fffe641a788 | 88 a7 41 e6 ff 7f 00 00
R10=0x00007fffe6655b00 jvm.dll
R11=0x000000000000000a is an unknown value
R12=0x0000021544109a4c points into unknown readable memory: 12 00 00 00
R13=0x000000000000000a is an unknown value
R14=0x0000021544d6b060 points into unknown readable memory: 0x3d7192ed632e4f49 | 49 4f 2e 63 ed 92 71 3d
R15=0x0000021544109a20 points into unknown readable memory: 0x00007fffe642ed10 | 10 ed 42 e6 ff 7f 00 00

Top of Stack: (sp=0x0000008f19cfc720)
0x0000008f19cfc720:   0000000000000a56 0000000000000002
0x0000008f19cfc730:   0000008f19cfcdc0 0000000000000001
0x0000008f19cfc740:   0000008f19cfc770 0000000000000006
0x0000008f19cfc750:   0000000100000009 0000021542d7b3c0
0x0000008f19cfc760:   000000000000000a 0000021542d7b3a0
0x0000008f19cfc770:   0000000900000000 0000000e00000020
0x0000008f19cfc780:   00007fff00000000 0000000b00000004
0x0000008f19cfc790:   0000000d0000000c 00007ff800000000
0x0000008f19cfc7a0:   000000ca000004a7 0000021500000a56
0x0000008f19cfc7b0:   0000000000000002 0000000000000000
0x0000008f19cfc7c0:   0000000100000026 0000000100000001
0x0000008f19cfc7d0:   00000215411e9be0 0000008f19cfc810
0x0000008f19cfc7e0:   0000008f19cfc800 0000021542d7b40c
0x0000008f19cfc7f0:   0000021542d7b414 00000000000004fc
0x0000008f19cfc800:   0000000b00000008 0000008f19cfc810
0x0000008f19cfc810:   00000215411e9ba0 00007fffe66c63b0
0x0000008f19cfc820:   00007fffe66c63b0 00007fffe66c63b0
0x0000008f19cfc830:   00007fffe66c63b0 00007fffe66c63b0
0x0000008f19cfc840:   00000215411e99e0 00000215411e9a40
0x0000008f19cfc850:   00000215411e9b20 00007fffe66c63b0
0x0000008f19cfc860:   00000215411e9a60 0000008f19cfc8e9
0x0000008f19cfc870:   0000008f19cfc8e0 00007fffe614ba6e
0x0000008f19cfc880:   0000000000000580 000002154468d540
0x0000008f19cfc890:   000002150000000b 000002154356ec70
0x0000008f19cfc8a0:   00000215416e0000 0000000000000000
0x0000008f19cfc8b0:   0000021544d6e6d0 000002154356ec00
0x0000008f19cfc8c0:   0000021543f70cb0 00007fffe6465818
0x0000008f19cfc8d0:   0000000000000000 0000000000000000
0x0000008f19cfc8e0:   0000000000000000 00007fffe6465818
0x0000008f19cfc8f0:   0000000000000000 000002154356ec70
0x0000008f19cfc900:   0000000000000000 0000000000000000
0x0000008f19cfc910:   00000215427ad760 0000008f19cfcea0 

Instructions: (pc=0x00007fffe5de585a)
0x00007fffe5de575a:   00 e8 d0 0e 34 00 44 8b ad 40 01 00 00 41 ff cc
0x00007fffe5de576a:   41 ff cd 44 89 64 24 30 44 89 ad 40 01 00 00 44
0x00007fffe5de577a:   89 6c 24 6c 44 89 64 24 54 8b 54 24 34 45 33 c0
0x00007fffe5de578a:   8b 85 48 01 00 00 48 8b 4d 90 ff c8 4c 8b 7c 24
0x00007fffe5de579a:   48 48 ff c9 89 85 48 01 00 00 48 89 4d 90 85 c0
0x00007fffe5de57aa:   0f 85 87 fd ff ff 8b 74 24 70 44 8b 74 24 58 8b
0x00007fffe5de57ba:   5c 24 50 8b 44 24 74 39 44 24 68 45 0f 47 e8 3b
0x00007fffe5de57ca:   5c 24 5c 41 8b 5f 28 45 0f 47 e0 44 3b eb 0f 83
0x00007fffe5de57da:   23 06 00 00 ff cb 41 3b 5f 18 0f 83 ba 05 00 00
0x00007fffe5de57ea:   48 8b 44 24 38 48 8b 00 48 8b 3c d8 e9 ac 05 00
0x00007fffe5de57fa:   00 0f 28 c6 ff 15 fc 3e 59 00 85 c0 74 10 f2 41
0x00007fffe5de580a:   0f 10 46 08 f2 0f 5c c6 f2 41 0f 11 46 08 41 8b
0x00007fffe5de581a:   47 2c 4d 8d 67 2c 83 e0 1f 3c 12 0f 85 95 00 00
0x00007fffe5de582a:   00 49 83 7e 18 ff 0f 84 8a 00 00 00 41 83 7f 20
0x00007fffe5de583a:   01 0f 85 7f 00 00 00 49 8b 47 10 4c 8b 4c 24 48
0x00007fffe5de584a:   8b bd 48 01 00 00 4c 8b 00 48 8b 85 30 01 00 00
0x00007fffe5de585a:   41 8b 50 28 48 8b 40 48 48 8b 48 78 4c 39 0c d1
0x00007fffe5de586a:   75 5a 44 8b 54 24 40 8d 57 01 49 8b cf 41 3b d2
0x00007fffe5de587a:   77 35 48 8b 7c 24 38 45 33 e4 8b 41 2c 83 e0 1f
0x00007fffe5de588a:   3c 12 75 19 41 3b 51 18 73 09 48 8b 07 48 8b 0c
0x00007fffe5de589a:   d0 eb 03 49 8b cc ff c2 41 3b d2 76 dd 8b bd 48
0x00007fffe5de58aa:   01 00 00 4d 8d 67 2c 49 3b c8 75 10 49 c7 46 08
0x00007fffe5de58ba:   00 00 00 00 eb 06 8b bd 48 01 00 00 48 8b 45 e8
0x00007fffe5de58ca:   4a 8b 14 e8 48 8b c3 48 f7 d0 48 8b 0c f2 48 23
0x00007fffe5de58da:   c1 48 89 04 f2 48 85 cb 0f 84 02 01 00 00 ff 4d
0x00007fffe5de58ea:   e0 49 8d 4e 38 e8 5c 5e 36 00 84 c0 0f 84 ee 00
0x00007fffe5de58fa:   00 00 41 83 be 98 00 00 00 00 0f 84 e0 00 00 00
0x00007fffe5de590a:   41 f6 86 a8 00 00 00 06 74 32 8b 4c 24 50 41 0f
0x00007fffe5de591a:   b7 86 a4 00 00 00 44 8b ad 40 01 00 00 2b c8 89
0x00007fffe5de592a:   4c 24 50 3b 4c 24 5c 0f 85 ba 00 00 00 8b c7 89
0x00007fffe5de593a:   44 24 30 89 44 24 54 e9 ab 00 00 00 4c 8b 15 db
0x00007fffe5de594a:   79 8e 00 45 8b 4a 5c 45 39 8e 94 00 00 00 41 8b 


Stack slot to memory mapping:

stack at sp + 0 slots: 0x0000000000000a56 is an unknown value
stack at sp + 1 slots: 0x0000000000000002 is an unknown value
stack at sp + 2 slots: 0x0000008f19cfcdc0 is pointing into the stack for thread: 0x000002154307b380
stack at sp + 3 slots: 0x0000000000000001 is an unknown value
stack at sp + 4 slots: 0x0000008f19cfc770 is pointing into the stack for thread: 0x000002154307b380
stack at sp + 5 slots: 0x0000000000000006 is an unknown value
stack at sp + 6 slots: 0x0000000100000009 is an unknown value
stack at sp + 7 slots: 0x0000021542d7b3c0 points into unknown readable memory: 0x0000021544109b70 | 70 9b 10 44 15 02 00 00


---------------  P R O C E S S  ---------------

Threads class SMR info:
_java_thread_list=0x00000215444f6f90, length=46, elements={
0x000002155eb07f00, 0x0000021560e7a8a0, 0x0000021560e7d7c0, 0x0000021560e809b0,
0x0000021560e83410, 0x0000021560e86a50, 0x0000021560e96280, 0x0000021560e8b620,
0x0000021560ea1000, 0x00000215791f5e90, 0x00000215794b6210, 0x0000021579ba8a90,
0x0000021579cb9150, 0x0000021579cc33a0, 0x0000021579cc3a00, 0x000002157e89d460,
0x000002157ea19b80, 0x000002157e254990, 0x000002157e253c70, 0x000002157e256a60,
0x000002157e2570f0, 0x000002157e2556b0, 0x000002157e255d40, 0x000002157e2563d0,
0x000002154252b630, 0x000002154252dd90, 0x000002154252d700, 0x000002154252c9e0,
0x000002154252e420, 0x000002154252afa0, 0x000002154252eab0, 0x000002154252c350,
0x000002154252f140, 0x000002154252bcc0, 0x000002154252f7d0, 0x000002154252fe60,
0x00000215425304f0, 0x000002154252d070, 0x0000021542530b80, 0x0000021542531f30,
0x0000021542531210, 0x00000215425325c0, 0x00000215425318a0, 0x0000021541ae7d90,
0x000002154307acb0, 0x000002154307b380
}

Java Threads: ( => current thread )
  0x000002155eb07f00 JavaThread "main"                              [_thread_blocked, id=14216, stack(0x0000008f18d00000,0x0000008f18e00000) (1024K)]
  0x0000021560e7a8a0 JavaThread "Reference Handler"          daemon [_thread_blocked, id=8244, stack(0x0000008f19100000,0x0000008f19200000) (1024K)]
  0x0000021560e7d7c0 JavaThread "Finalizer"                  daemon [_thread_blocked, id=11816, stack(0x0000008f19200000,0x0000008f19300000) (1024K)]
  0x0000021560e809b0 JavaThread "Signal Dispatcher"          daemon [_thread_blocked, id=12804, stack(0x0000008f19300000,0x0000008f19400000) (1024K)]
  0x0000021560e83410 JavaThread "Attach Listener"            daemon [_thread_blocked, id=12696, stack(0x0000008f19400000,0x0000008f19500000) (1024K)]
  0x0000021560e86a50 JavaThread "Service Thread"             daemon [_thread_blocked, id=3084, stack(0x0000008f19500000,0x0000008f19600000) (1024K)]
  0x0000021560e96280 JavaThread "Monitor Deflation Thread"   daemon [_thread_blocked, id=8232, stack(0x0000008f19600000,0x0000008f19700000) (1024K)]
  0x0000021560e8b620 JavaThread "C2 CompilerThread0"         daemon [_thread_in_native, id=3884, stack(0x0000008f19700000,0x0000008f19800000) (1024K)]
  0x0000021560ea1000 JavaThread "C1 CompilerThread0"         daemon [_thread_blocked, id=13568, stack(0x0000008f19800000,0x0000008f19900000) (1024K)]
  0x00000215791f5e90 JavaThread "Common-Cleaner"             daemon [_thread_blocked, id=12060, stack(0x0000008f19900000,0x0000008f19a00000) (1024K)]
  0x00000215794b6210 JavaThread "Notification Thread"        daemon [_thread_blocked, id=16112, stack(0x0000008f19b00000,0x0000008f19c00000) (1024K)]
  0x0000021579ba8a90 JavaThread "Active Thread: Equinox Container: 07ce3df9-34f6-490a-9b56-5dc5fe314a54"        [_thread_blocked, id=16092, stack(0x0000008f1a300000,0x0000008f1a400000) (1024K)]
  0x0000021579cb9150 JavaThread "Refresh Thread: Equinox Container: 07ce3df9-34f6-490a-9b56-5dc5fe314a54" daemon [_thread_blocked, id=15996, stack(0x0000008f1a500000,0x0000008f1a600000) (1024K)]
  0x0000021579cc33a0 JavaThread "Framework Event Dispatcher: Equinox Container: 07ce3df9-34f6-490a-9b56-5dc5fe314a54" daemon [_thread_blocked, id=16048, stack(0x0000008f1a600000,0x0000008f1a700000) (1024K)]
  0x0000021579cc3a00 JavaThread "Start Level: Equinox Container: 07ce3df9-34f6-490a-9b56-5dc5fe314a54" daemon [_thread_blocked, id=11128, stack(0x0000008f1a700000,0x0000008f1a800000) (1024K)]
  0x000002157e89d460 JavaThread "Bundle File Closer"         daemon [_thread_blocked, id=15848, stack(0x0000008f1a800000,0x0000008f1a900000) (1024K)]
  0x000002157ea19b80 JavaThread "SCR Component Actor"        daemon [_thread_blocked, id=10824, stack(0x0000008f1a900000,0x0000008f1aa00000) (1024K)]
  0x000002157e254990 JavaThread "Worker-JM"                         [_thread_blocked, id=10672, stack(0x0000008f1ab00000,0x0000008f1ac00000) (1024K)]
  0x000002157e253c70 JavaThread "JNA Cleaner"                daemon [_thread_blocked, id=7892, stack(0x0000008f1ac00000,0x0000008f1ad00000) (1024K)]
  0x000002157e256a60 JavaThread "Worker-0: Send Classpath Notifications"        [_thread_blocked, id=10012, stack(0x0000008f1ad00000,0x0000008f1ae00000) (1024K)]
  0x000002157e2570f0 JavaThread "Worker-1: Publish Diagnostics"        [_thread_in_vm, id=7796, stack(0x0000008f1ae00000,0x0000008f1af00000) (1024K)]
  0x000002157e2556b0 JavaThread "Java indexing"              daemon [_thread_blocked, id=4264, stack(0x0000008f1af00000,0x0000008f1b000000) (1024K)]
  0x000002157e255d40 JavaThread "Worker-2"                          [_thread_blocked, id=4256, stack(0x0000008f1b200000,0x0000008f1b300000) (1024K)]
  0x000002157e2563d0 JavaThread "Worker-3: Initialize workspace"        [_thread_in_Java, id=9436, stack(0x0000008f1b300000,0x0000008f1b400000) (1024K)]
  0x000002154252b630 JavaThread "Thread-2"                   daemon [_thread_in_native, id=11412, stack(0x0000008f1b400000,0x0000008f1b500000) (1024K)]
  0x000002154252dd90 JavaThread "Thread-3"                   daemon [_thread_in_native, id=15312, stack(0x0000008f1b500000,0x0000008f1b600000) (1024K)]
  0x000002154252d700 JavaThread "Thread-4"                   daemon [_thread_in_native, id=17488, stack(0x0000008f1b600000,0x0000008f1b700000) (1024K)]
  0x000002154252c9e0 JavaThread "Thread-5"                   daemon [_thread_in_native, id=7584, stack(0x0000008f1b700000,0x0000008f1b800000) (1024K)]
  0x000002154252e420 JavaThread "Thread-6"                   daemon [_thread_in_native, id=12976, stack(0x0000008f1b800000,0x0000008f1b900000) (1024K)]
  0x000002154252afa0 JavaThread "Thread-7"                   daemon [_thread_in_native, id=14344, stack(0x0000008f1b900000,0x0000008f1ba00000) (1024K)]
  0x000002154252eab0 JavaThread "Thread-8"                   daemon [_thread_in_native, id=5808, stack(0x0000008f1ba00000,0x0000008f1bb00000) (1024K)]
  0x000002154252c350 JavaThread "Thread-9"                   daemon [_thread_in_native, id=14352, stack(0x0000008f1bb00000,0x0000008f1bc00000) (1024K)]
  0x000002154252f140 JavaThread "Thread-10"                  daemon [_thread_in_native, id=4168, stack(0x0000008f1bc00000,0x0000008f1bd00000) (1024K)]
  0x000002154252bcc0 JavaThread "pool-2-thread-1"                   [_thread_blocked, id=17560, stack(0x0000008f1bd00000,0x0000008f1be00000) (1024K)]
  0x000002154252f7d0 JavaThread "Worker-4"                          [_thread_blocked, id=2140, stack(0x0000008f1be00000,0x0000008f1bf00000) (1024K)]
  0x000002154252fe60 JavaThread "WorkspaceEventsHandler"            [_thread_blocked, id=10844, stack(0x0000008f1bf00000,0x0000008f1c000000) (1024K)]
  0x00000215425304f0 JavaThread "pool-1-thread-1"                   [_thread_blocked, id=5136, stack(0x0000008f1c000000,0x0000008f1c100000) (1024K)]
  0x000002154252d070 JavaThread "ForkJoinPool.commonPool-worker-1" daemon [_thread_blocked, id=15196, stack(0x0000008f1c100000,0x0000008f1c200000) (1024K)]
  0x0000021542530b80 JavaThread "ForkJoinPool.commonPool-worker-2" daemon [_thread_blocked, id=4372, stack(0x0000008f1c200000,0x0000008f1c300000) (1024K)]
  0x0000021542531f30 JavaThread "ForkJoinPool.commonPool-worker-3" daemon [_thread_blocked, id=12016, stack(0x0000008f1c300000,0x0000008f1c400000) (1024K)]
  0x0000021542531210 JavaThread "ForkJoinPool.commonPool-worker-4" daemon [_thread_blocked, id=7828, stack(0x0000008f1c400000,0x0000008f1c500000) (1024K)]
  0x00000215425325c0 JavaThread "ForkJoinPool.commonPool-worker-5" daemon [_thread_blocked, id=12788, stack(0x0000008f1c500000,0x0000008f1c600000) (1024K)]
  0x00000215425318a0 JavaThread "ForkJoinPool.commonPool-worker-6" daemon [_thread_blocked, id=7728, stack(0x0000008f1c600000,0x0000008f1c700000) (1024K)]
  0x0000021541ae7d90 JavaThread "ForkJoinPool.commonPool-worker-7" daemon [_thread_blocked, id=3668, stack(0x0000008f1c700000,0x0000008f1c800000) (1024K)]
  0x000002154307acb0 JavaThread "C2 CompilerThread1"         daemon [_thread_in_native, id=6848, stack(0x0000008f19a00000,0x0000008f19b00000) (1024K)]
=>0x000002154307b380 JavaThread "C2 CompilerThread2"         daemon [_thread_in_native, id=6748, stack(0x0000008f19c00000,0x0000008f19d00000) (1024K)]
Total: 46

Other Threads:
  0x0000021560e73120 VMThread "VM Thread"                           [id=6284, stack(0x0000008f19000000,0x0000008f19100000) (1024K)]
  0x0000021560d8ca00 WatcherThread "VM Periodic Task Thread"        [id=17984, stack(0x0000008f18f00000,0x0000008f19000000) (1024K)]
  0x0000021560f27920 WorkerThread "GC Thread#0"                     [id=12252, stack(0x0000008f18e00000,0x0000008f18f00000) (1024K)]
  0x00000215797e3620 WorkerThread "GC Thread#1"                     [id=4060, stack(0x0000008f19d00000,0x0000008f19e00000) (1024K)]
  0x000002157997f9b0 WorkerThread "GC Thread#2"                     [id=12612, stack(0x0000008f19e00000,0x0000008f19f00000) (1024K)]
  0x0000021579c040f0 WorkerThread "GC Thread#3"                     [id=9236, stack(0x0000008f19f00000,0x0000008f1a000000) (1024K)]
  0x000002157974be70 WorkerThread "GC Thread#4"                     [id=11316, stack(0x0000008f1a000000,0x0000008f1a100000) (1024K)]
  0x0000021579a8e7f0 WorkerThread "GC Thread#5"                     [id=15616, stack(0x0000008f1a100000,0x0000008f1a200000) (1024K)]
  0x0000021579a8f3a0 WorkerThread "GC Thread#6"                     [id=2308, stack(0x0000008f1a200000,0x0000008f1a300000) (1024K)]
  0x000002157e05e860 WorkerThread "GC Thread#7"                     [id=6948, stack(0x0000008f1a400000,0x0000008f1a500000) (1024K)]
Total: 10

Threads with active compile tasks:
C2 CompilerThread0  14325 10216       4       com.google.gson.stream.JsonWriter::string (169 bytes)
C1 CompilerThread0  14325 10255       3       org.eclipse.jdt.internal.compiler.util.SimpleSetOfCharArray::add (90 bytes)
C2 CompilerThread1  14325 10213       4       java.util.concurrent.atomic.AtomicInteger::decrementAndGet (14 bytes)
C2 CompilerThread2  14325 10001       4       java.lang.invoke.MethodType::makeImpl (109 bytes)
Total: 4

VM state: not at safepoint (normal execution)

VM Mutex/Monitor currently owned by a thread: None

Heap address: 0x0000000080000000, size: 2048 MB, Compressed Oops mode: 32-bit

CDS archive(s) mapped at: [0x0000021500000000-0x0000021500ba0000-0x0000021500ba0000), size 12189696, SharedBaseAddress: 0x0000021500000000, ArchiveRelocationMode: 1.
Compressed class space mapped at: 0x0000021501000000-0x0000021541000000, reserved size: 1073741824
Narrow klass base: 0x0000021500000000, Narrow klass shift: 0, Narrow klass range: 0x100000000

GC Precious Log:
 CardTable entry size: 512
 CPUs: 8 total, 8 available
 Memory: 8013M
 Large Page Support: Disabled
 NUMA Support: Disabled
 Compressed Oops: Enabled (32-bit)
 Alignments: Space 512K, Generation 512K, Heap 2M
 Heap Min Capacity: 100M
 Heap Initial Capacity: 100M
 Heap Max Capacity: 2G
 Pre-touch: Disabled
 Parallel Workers: 8

Heap:
 PSYoungGen      total 19968K, used 19256K [0x00000000d5580000, 0x00000000d6c80000, 0x0000000100000000)
  eden space 19456K, 96% used [0x00000000d5580000,0x00000000d67d1fb0,0x00000000d6880000)
  from space 512K, 97% used [0x00000000d6900000,0x00000000d697c2d8,0x00000000d6980000)
  to   space 2048K, 0% used [0x00000000d6a80000,0x00000000d6a80000,0x00000000d6c80000)
 ParOldGen       total 68608K, used 68480K [0x0000000080000000, 0x0000000084300000, 0x00000000d5580000)
  object space 68608K, 99% used [0x0000000080000000,0x00000000842e0180,0x0000000084300000)
 Metaspace       used 62286K, committed 63808K, reserved 1114112K
  class space    used 6477K, committed 7168K, reserved 1048576K

Card table byte_map: [0x00000215608a0000,0x0000021560cb0000] _byte_map_base: 0x00000215604a0000

Marking Bits: (ParMarkBitMap*) 0x00007fffe66e31f0
 Begin Bits: [0x00000215733a0000, 0x00000215753a0000)
 End Bits:   [0x00000215753a0000, 0x00000215773a0000)

Polling page: 0x000002155ed30000

Metaspace:

Usage:
  Non-class:     54.50 MB used.
      Class:      6.33 MB used.
       Both:     60.83 MB used.

Virtual space:
  Non-class space:       64.00 MB reserved,      55.31 MB ( 86%) committed,  1 nodes.
      Class space:        1.00 GB reserved,       7.00 MB ( <1%) committed,  1 nodes.
             Both:        1.06 GB reserved,      62.31 MB (  6%) committed. 

Chunk freelists:
   Non-Class:  8.59 MB
       Class:  9.02 MB
        Both:  17.61 MB

MaxMetaspaceSize: unlimited
CompressedClassSpaceSize: 1.00 GB
Initial GC threshold: 21.00 MB
Current GC threshold: 97.31 MB
CDS: on
 - commit_granule_bytes: 65536.
 - commit_granule_words: 8192.
 - virtual_space_node_default_size: 8388608.
 - enlarge_chunks_in_place: 1.
 - use_allocation_guard: 0.


Internal statistics:

num_allocs_failed_limit: 11.
num_arena_births: 1172.
num_arena_deaths: 14.
num_vsnodes_births: 2.
num_vsnodes_deaths: 0.
num_space_committed: 997.
num_space_uncommitted: 0.
num_chunks_returned_to_freelist: 25.
num_chunks_taken_from_freelist: 4042.
num_chunk_merges: 12.
num_chunk_splits: 2517.
num_chunks_enlarged: 1472.
num_inconsistent_stats: 0.

CodeHeap 'non-profiled nmethods': size=120000Kb used=6225Kb max_used=6225Kb free=113775Kb
 bounds [0x000002156bbc0000, 0x000002156c1e0000, 0x00000215730f0000]
CodeHeap 'profiled nmethods': size=120000Kb used=20425Kb max_used=20425Kb free=99574Kb
 bounds [0x00000215640f0000, 0x00000215654f0000, 0x000002156b620000]
CodeHeap 'non-nmethods': size=5760Kb used=1429Kb max_used=1514Kb free=4330Kb
 bounds [0x000002156b620000, 0x000002156b890000, 0x000002156bbc0000]
 total_blobs=10162 nmethods=9420 adapters=648
 compilation: enabled
              stopped_count=0, restarted_count=0
 full_count=0

Compilation events (20 events):
Event: 14.177 Thread 0x0000021560ea1000 10174       3       org.eclipse.jdt.internal.compiler.codegen.ConstantPool::writeU1 (38 bytes)
Event: 14.178 Thread 0x0000021560ea1000 nmethod 10174 0x00000215654b0a90 code [0x00000215654b0c40, 0x00000215654b0e10]
Event: 14.180 Thread 0x0000021560e8b620 nmethod 10094 0x000002156c1bfc90 code [0x000002156c1bfe20, 0x000002156c1c0008]
Event: 14.180 Thread 0x0000021560e8b620 10071       4       org.eclipse.jdt.core.compiler.CharOperation::splitOn (159 bytes)
Event: 14.183 Thread 0x0000021560ea1000 10175       3       java.lang.ClassLoader::getSystemClassLoader (96 bytes)
Event: 14.183 Thread 0x0000021560ea1000 nmethod 10175 0x00000215654b0f10 code [0x00000215654b1100, 0x00000215654b1588]
Event: 14.192 Thread 0x0000021560ea1000 10176       3       org.eclipse.jdt.internal.compiler.util.Util::getLineNumber (89 bytes)
Event: 14.192 Thread 0x0000021560ea1000 nmethod 10176 0x00000215654b1710 code [0x00000215654b1900, 0x00000215654b1d00]
Event: 14.192 Thread 0x0000021560ea1000 10177       3       org.eclipse.jdt.internal.compiler.util.HashtableOfObject::get (56 bytes)
Event: 14.193 Thread 0x0000021560ea1000 nmethod 10177 0x00000215654b1e90 code [0x00000215654b2080, 0x00000215654b24b0]
Event: 14.194 Thread 0x0000021560ea1000 10178       3       java.lang.invoke.MethodHandles::constant (88 bytes)
Event: 14.195 Thread 0x0000021560ea1000 nmethod 10178 0x00000215654b2710 code [0x00000215654b2a20, 0x00000215654b3900]
Event: 14.195 Thread 0x0000021560ea1000 10179       3       org.eclipse.jdt.internal.compiler.codegen.CharArrayCache::putIfAbsent (102 bytes)
Event: 14.196 Thread 0x0000021560ea1000 nmethod 10179 0x00000215654b3e10 code [0x00000215654b4020, 0x00000215654b4648]
Event: 14.196 Thread 0x0000021560ea1000 10180       3       org.eclipse.jdt.internal.compiler.codegen.CharArrayCache::put (103 bytes)
Event: 14.197 Thread 0x0000021560ea1000 nmethod 10180 0x00000215654b4990 code [0x00000215654b4ba0, 0x00000215654b51c0]
Event: 14.197 Thread 0x0000021560ea1000 10181       1       org.eclipse.jdt.internal.compiler.ast.AbstractMethodDeclaration::isClinit (2 bytes)
Event: 14.197 Thread 0x0000021560ea1000 nmethod 10181 0x000002156c1c0190 code [0x000002156c1c0320, 0x000002156c1c03e8]
Event: 14.197 Thread 0x0000021560ea1000 10182       1       com.google.gson.stream.JsonWriter::isHtmlSafe (5 bytes)
Event: 14.197 Thread 0x0000021560ea1000 nmethod 10182 0x000002156c1c0490 code [0x000002156c1c0620, 0x000002156c1c06f0]

GC Heap History (20 events):
Event: 11.373 GC heap before
{Heap before GC invocations=63 (full 3):
 PSYoungGen      total 20992K, used 20480K [0x00000000d5580000, 0x00000000d6b80000, 0x0000000100000000)
  eden space 19456K, 100% used [0x00000000d5580000,0x00000000d6880000,0x00000000d6880000)
  from space 1536K, 66% used [0x00000000d6880000,0x00000000d6980000,0x00000000d6a00000)
  to   space 1536K, 0% used [0x00000000d6a00000,0x00000000d6a00000,0x00000000d6b80000)
 ParOldGen       total 68608K, used 62048K [0x0000000080000000, 0x0000000084300000, 0x00000000d5580000)
  object space 68608K, 90% used [0x0000000080000000,0x0000000083c981b8,0x0000000084300000)
 Metaspace       used 59097K, committed 60544K, reserved 1114112K
  class space    used 6141K, committed 6848K, reserved 1048576K
}
Event: 11.376 GC heap after
{Heap after GC invocations=63 (full 3):
 PSYoungGen      total 20480K, used 753K [0x00000000d5580000, 0x00000000d6b00000, 0x0000000100000000)
  eden space 19456K, 0% used [0x00000000d5580000,0x00000000d5580000,0x00000000d6880000)
  from space 1024K, 73% used [0x00000000d6a00000,0x00000000d6abc400,0x00000000d6b00000)
  to   space 1024K, 0% used [0x00000000d6900000,0x00000000d6900000,0x00000000d6a00000)
 ParOldGen       total 68608K, used 62903K [0x0000000080000000, 0x0000000084300000, 0x00000000d5580000)
  object space 68608K, 91% used [0x0000000080000000,0x0000000083d6dc50,0x0000000084300000)
 Metaspace       used 59097K, committed 60544K, reserved 1114112K
  class space    used 6141K, committed 6848K, reserved 1048576K
}
Event: 11.521 GC heap before
{Heap before GC invocations=64 (full 3):
 PSYoungGen      total 20480K, used 20209K [0x00000000d5580000, 0x00000000d6b00000, 0x0000000100000000)
  eden space 19456K, 100% used [0x00000000d5580000,0x00000000d6880000,0x00000000d6880000)
  from space 1024K, 73% used [0x00000000d6a00000,0x00000000d6abc400,0x00000000d6b00000)
  to   space 1024K, 0% used [0x00000000d6900000,0x00000000d6900000,0x00000000d6a00000)
 ParOldGen       total 68608K, used 62903K [0x0000000080000000, 0x0000000084300000, 0x00000000d5580000)
  object space 68608K, 91% used [0x0000000080000000,0x0000000083d6dc50,0x0000000084300000)
 Metaspace       used 59138K, committed 60608K, reserved 1114112K
  class space    used 6141K, committed 6848K, reserved 1048576K
}
Event: 11.523 GC heap after
{Heap after GC invocations=64 (full 3):
 PSYoungGen      total 20480K, used 544K [0x00000000d5580000, 0x00000000d6a80000, 0x0000000100000000)
  eden space 19456K, 0% used [0x00000000d5580000,0x00000000d5580000,0x00000000d6880000)
  from space 1024K, 53% used [0x00000000d6900000,0x00000000d6988000,0x00000000d6a00000)
  to   space 512K, 0% used [0x00000000d6a00000,0x00000000d6a00000,0x00000000d6a80000)
 ParOldGen       total 68608K, used 63528K [0x0000000080000000, 0x0000000084300000, 0x00000000d5580000)
  object space 68608K, 92% used [0x0000000080000000,0x0000000083e0a060,0x0000000084300000)
 Metaspace       used 59138K, committed 60608K, reserved 1114112K
  class space    used 6141K, committed 6848K, reserved 1048576K
}
Event: 11.609 GC heap before
{Heap before GC invocations=65 (full 3):
 PSYoungGen      total 20480K, used 20000K [0x00000000d5580000, 0x00000000d6a80000, 0x0000000100000000)
  eden space 19456K, 100% used [0x00000000d5580000,0x00000000d6880000,0x00000000d6880000)
  from space 1024K, 53% used [0x00000000d6900000,0x00000000d6988000,0x00000000d6a00000)
  to   space 512K, 0% used [0x00000000d6a00000,0x00000000d6a00000,0x00000000d6a80000)
 ParOldGen       total 68608K, used 63528K [0x0000000080000000, 0x0000000084300000, 0x00000000d5580000)
  object space 68608K, 92% used [0x0000000080000000,0x0000000083e0a060,0x0000000084300000)
 Metaspace       used 59153K, committed 60608K, reserved 1114112K
  class space    used 6141K, committed 6848K, reserved 1048576K
}
Event: 11.611 GC heap after
{Heap after GC invocations=65 (full 3):
 PSYoungGen      total 19968K, used 512K [0x00000000d5580000, 0x00000000d6a80000, 0x0000000100000000)
  eden space 19456K, 0% used [0x00000000d5580000,0x00000000d5580000,0x00000000d6880000)
  from space 512K, 100% used [0x00000000d6a00000,0x00000000d6a80000,0x00000000d6a80000)
  to   space 1024K, 0% used [0x00000000d6880000,0x00000000d6880000,0x00000000d6980000)
 ParOldGen       total 68608K, used 63944K [0x0000000080000000, 0x0000000084300000, 0x00000000d5580000)
  object space 68608K, 93% used [0x0000000080000000,0x0000000083e72060,0x0000000084300000)
 Metaspace       used 59153K, committed 60608K, reserved 1114112K
  class space    used 6141K, committed 6848K, reserved 1048576K
}
Event: 11.680 GC heap before
{Heap before GC invocations=66 (full 3):
 PSYoungGen      total 19968K, used 19968K [0x00000000d5580000, 0x00000000d6a80000, 0x0000000100000000)
  eden space 19456K, 100% used [0x00000000d5580000,0x00000000d6880000,0x00000000d6880000)
  from space 512K, 100% used [0x00000000d6a00000,0x00000000d6a80000,0x00000000d6a80000)
  to   space 1024K, 0% used [0x00000000d6880000,0x00000000d6880000,0x00000000d6980000)
 ParOldGen       total 68608K, used 63944K [0x0000000080000000, 0x0000000084300000, 0x00000000d5580000)
  object space 68608K, 93% used [0x0000000080000000,0x0000000083e72060,0x0000000084300000)
 Metaspace       used 59171K, committed 60608K, reserved 1114112K
  class space    used 6141K, committed 6848K, reserved 1048576K
}
Event: 11.682 GC heap after
{Heap after GC invocations=66 (full 3):
 PSYoungGen      total 20480K, used 640K [0x00000000d5580000, 0x00000000d6a80000, 0x0000000100000000)
  eden space 19456K, 0% used [0x00000000d5580000,0x00000000d5580000,0x00000000d6880000)
  from space 1024K, 62% used [0x00000000d6880000,0x00000000d6920000,0x00000000d6980000)
  to   space 1024K, 0% used [0x00000000d6980000,0x00000000d6980000,0x00000000d6a80000)
 ParOldGen       total 68608K, used 64336K [0x0000000080000000, 0x0000000084300000, 0x00000000d5580000)
  object space 68608K, 93% used [0x0000000080000000,0x0000000083ed4060,0x0000000084300000)
 Metaspace       used 59171K, committed 60608K, reserved 1114112K
  class space    used 6141K, committed 6848K, reserved 1048576K
}
Event: 11.947 GC heap before
{Heap before GC invocations=67 (full 3):
 PSYoungGen      total 20480K, used 20096K [0x00000000d5580000, 0x00000000d6a80000, 0x0000000100000000)
  eden space 19456K, 100% used [0x00000000d5580000,0x00000000d6880000,0x00000000d6880000)
  from space 1024K, 62% used [0x00000000d6880000,0x00000000d6920000,0x00000000d6980000)
  to   space 1024K, 0% used [0x00000000d6980000,0x00000000d6980000,0x00000000d6a80000)
 ParOldGen       total 68608K, used 64336K [0x0000000080000000, 0x0000000084300000, 0x00000000d5580000)
  object space 68608K, 93% used [0x0000000080000000,0x0000000083ed4060,0x0000000084300000)
 Metaspace       used 59524K, committed 60992K, reserved 1114112K
  class space    used 6176K, committed 6912K, reserved 1048576K
}
Event: 11.951 GC heap after
{Heap after GC invocations=67 (full 3):
 PSYoungGen      total 20480K, used 913K [0x00000000d5580000, 0x00000000d6a80000, 0x0000000100000000)
  eden space 19456K, 0% used [0x00000000d5580000,0x00000000d5580000,0x00000000d6880000)
  from space 1024K, 89% used [0x00000000d6980000,0x00000000d6a64418,0x00000000d6a80000)
  to   space 1024K, 0% used [0x00000000d6880000,0x00000000d6880000,0x00000000d6980000)
 ParOldGen       total 68608K, used 64760K [0x0000000080000000, 0x0000000084300000, 0x00000000d5580000)
  object space 68608K, 94% used [0x0000000080000000,0x0000000083f3e060,0x0000000084300000)
 Metaspace       used 59524K, committed 60992K, reserved 1114112K
  class space    used 6176K, committed 6912K, reserved 1048576K
}
Event: 12.132 GC heap before
{Heap before GC invocations=68 (full 3):
 PSYoungGen      total 20480K, used 20369K [0x00000000d5580000, 0x00000000d6a80000, 0x0000000100000000)
  eden space 19456K, 100% used [0x00000000d5580000,0x00000000d6880000,0x00000000d6880000)
  from space 1024K, 89% used [0x00000000d6980000,0x00000000d6a64418,0x00000000d6a80000)
  to   space 1024K, 0% used [0x00000000d6880000,0x00000000d6880000,0x00000000d6980000)
 ParOldGen       total 68608K, used 64760K [0x0000000080000000, 0x0000000084300000, 0x00000000d5580000)
  object space 68608K, 94% used [0x0000000080000000,0x0000000083f3e060,0x0000000084300000)
 Metaspace       used 59553K, committed 61056K, reserved 1114112K
  class space    used 6180K, committed 6912K, reserved 1048576K
}
Event: 12.136 GC heap after
{Heap after GC invocations=68 (full 3):
 PSYoungGen      total 20480K, used 615K [0x00000000d5580000, 0x00000000d6a80000, 0x0000000100000000)
  eden space 19456K, 0% used [0x00000000d5580000,0x00000000d5580000,0x00000000d6880000)
  from space 1024K, 60% used [0x00000000d6880000,0x00000000d6919cd8,0x00000000d6980000)
  to   space 1024K, 0% used [0x00000000d6980000,0x00000000d6980000,0x00000000d6a80000)
 ParOldGen       total 68608K, used 66275K [0x0000000080000000, 0x0000000084300000, 0x00000000d5580000)
  object space 68608K, 96% used [0x0000000080000000,0x00000000840b8ed8,0x0000000084300000)
 Metaspace       used 59553K, committed 61056K, reserved 1114112K
  class space    used 6180K, committed 6912K, reserved 1048576K
}
Event: 13.499 GC heap before
{Heap before GC invocations=69 (full 3):
 PSYoungGen      total 20480K, used 20071K [0x00000000d5580000, 0x00000000d6a80000, 0x0000000100000000)
  eden space 19456K, 100% used [0x00000000d5580000,0x00000000d6880000,0x00000000d6880000)
  from space 1024K, 60% used [0x00000000d6880000,0x00000000d6919cd8,0x00000000d6980000)
  to   space 1024K, 0% used [0x00000000d6980000,0x00000000d6980000,0x00000000d6a80000)
 ParOldGen       total 68608K, used 66275K [0x0000000080000000, 0x0000000084300000, 0x00000000d5580000)
  object space 68608K, 96% used [0x0000000080000000,0x00000000840b8ed8,0x0000000084300000)
 Metaspace       used 59608K, committed 61184K, reserved 1114112K
  class space    used 6181K, committed 6912K, reserved 1048576K
}
Event: 13.500 GC heap after
{Heap after GC invocations=69 (full 3):
 PSYoungGen      total 20480K, used 692K [0x00000000d5580000, 0x00000000d6a80000, 0x0000000100000000)
  eden space 19456K, 0% used [0x00000000d5580000,0x00000000d5580000,0x00000000d6880000)
  from space 1024K, 67% used [0x00000000d6980000,0x00000000d6a2d2e0,0x00000000d6a80000)
  to   space 1024K, 0% used [0x00000000d6880000,0x00000000d6880000,0x00000000d6980000)
 ParOldGen       total 68608K, used 66738K [0x0000000080000000, 0x0000000084300000, 0x00000000d5580000)
  object space 68608K, 97% used [0x0000000080000000,0x000000008412ca20,0x0000000084300000)
 Metaspace       used 59608K, committed 61184K, reserved 1114112K
  class space    used 6181K, committed 6912K, reserved 1048576K
}
Event: 13.530 GC heap before
{Heap before GC invocations=70 (full 3):
 PSYoungGen      total 20480K, used 20148K [0x00000000d5580000, 0x00000000d6a80000, 0x0000000100000000)
  eden space 19456K, 100% used [0x00000000d5580000,0x00000000d6880000,0x00000000d6880000)
  from space 1024K, 67% used [0x00000000d6980000,0x00000000d6a2d2e0,0x00000000d6a80000)
  to   space 1024K, 0% used [0x00000000d6880000,0x00000000d6880000,0x00000000d6980000)
 ParOldGen       total 68608K, used 66738K [0x0000000080000000, 0x0000000084300000, 0x00000000d5580000)
  object space 68608K, 97% used [0x0000000080000000,0x000000008412ca20,0x0000000084300000)
 Metaspace       used 59608K, committed 61184K, reserved 1114112K
  class space    used 6181K, committed 6912K, reserved 1048576K
}
Event: 13.532 GC heap after
{Heap after GC invocations=70 (full 3):
 PSYoungGen      total 20480K, used 427K [0x00000000d5580000, 0x00000000d6a80000, 0x0000000100000000)
  eden space 19456K, 0% used [0x00000000d5580000,0x00000000d5580000,0x00000000d6880000)
  from space 1024K, 41% used [0x00000000d6880000,0x00000000d68eafb0,0x00000000d6980000)
  to   space 1024K, 0% used [0x00000000d6980000,0x00000000d6980000,0x00000000d6a80000)
 ParOldGen       total 68608K, used 67276K [0x0000000080000000, 0x0000000084300000, 0x00000000d5580000)
  object space 68608K, 98% used [0x0000000080000000,0x00000000841b32c8,0x0000000084300000)
 Metaspace       used 59608K, committed 61184K, reserved 1114112K
  class space    used 6181K, committed 6912K, reserved 1048576K
}
Event: 13.599 GC heap before
{Heap before GC invocations=71 (full 3):
 PSYoungGen      total 20480K, used 19883K [0x00000000d5580000, 0x00000000d6a80000, 0x0000000100000000)
  eden space 19456K, 100% used [0x00000000d5580000,0x00000000d6880000,0x00000000d6880000)
  from space 1024K, 41% used [0x00000000d6880000,0x00000000d68eafb0,0x00000000d6980000)
  to   space 1024K, 0% used [0x00000000d6980000,0x00000000d6980000,0x00000000d6a80000)
 ParOldGen       total 68608K, used 67276K [0x0000000080000000, 0x0000000084300000, 0x00000000d5580000)
  object space 68608K, 98% used [0x0000000080000000,0x00000000841b32c8,0x0000000084300000)
 Metaspace       used 59609K, committed 61184K, reserved 1114112K
  class space    used 6181K, committed 6912K, reserved 1048576K
}
Event: 13.600 GC heap after
{Heap after GC invocations=71 (full 3):
 PSYoungGen      total 19968K, used 416K [0x00000000d5580000, 0x00000000d6a00000, 0x0000000100000000)
  eden space 19456K, 0% used [0x00000000d5580000,0x00000000d5580000,0x00000000d6880000)
  from space 512K, 81% used [0x00000000d6980000,0x00000000d69e8000,0x00000000d6a00000)
  to   space 512K, 0% used [0x00000000d6900000,0x00000000d6900000,0x00000000d6980000)
 ParOldGen       total 68608K, used 67536K [0x0000000080000000, 0x0000000084300000, 0x00000000d5580000)
  object space 68608K, 98% used [0x0000000080000000,0x00000000841f4280,0x0000000084300000)
 Metaspace       used 59609K, committed 61184K, reserved 1114112K
  class space    used 6181K, committed 6912K, reserved 1048576K
}
Event: 13.908 GC heap before
{Heap before GC invocations=72 (full 3):
 PSYoungGen      total 19968K, used 19872K [0x00000000d5580000, 0x00000000d6a00000, 0x0000000100000000)
  eden space 19456K, 100% used [0x00000000d5580000,0x00000000d6880000,0x00000000d6880000)
  from space 512K, 81% used [0x00000000d6980000,0x00000000d69e8000,0x00000000d6a00000)
  to   space 512K, 0% used [0x00000000d6900000,0x00000000d6900000,0x00000000d6980000)
 ParOldGen       total 68608K, used 67536K [0x0000000080000000, 0x0000000084300000, 0x00000000d5580000)
  object space 68608K, 98% used [0x0000000080000000,0x00000000841f4280,0x0000000084300000)
 Metaspace       used 60808K, committed 62272K, reserved 1114112K
  class space    used 6310K, committed 6976K, reserved 1048576K
}
Event: 13.912 GC heap after
{Heap after GC invocations=72 (full 3):
 PSYoungGen      total 19968K, used 496K [0x00000000d5580000, 0x00000000d6c80000, 0x0000000100000000)
  eden space 19456K, 0% used [0x00000000d5580000,0x00000000d5580000,0x00000000d6880000)
  from space 512K, 97% used [0x00000000d6900000,0x00000000d697c2d8,0x00000000d6980000)
  to   space 2048K, 0% used [0x00000000d6a80000,0x00000000d6a80000,0x00000000d6c80000)
 ParOldGen       total 68608K, used 68480K [0x0000000080000000, 0x0000000084300000, 0x00000000d5580000)
  object space 68608K, 99% used [0x0000000080000000,0x00000000842e0180,0x0000000084300000)
 Metaspace       used 60808K, committed 62272K, reserved 1114112K
  class space    used 6310K, committed 6976K, reserved 1048576K
}

Dll operation events (10 events):
Event: 0.013 Loaded shared library c:\Users\afons\.vscode\extensions\redhat.java-1.43.1-win32-x64\jre\21.0.7-win32-x86_64\bin\java.dll
Event: 0.087 Loaded shared library c:\Users\afons\.vscode\extensions\redhat.java-1.43.1-win32-x64\jre\21.0.7-win32-x86_64\bin\zip.dll
Event: 0.111 Loaded shared library C:\Users\afons\.vscode\extensions\redhat.java-1.43.1-win32-x64\jre\21.0.7-win32-x86_64\bin\instrument.dll
Event: 0.116 Loaded shared library C:\Users\afons\.vscode\extensions\redhat.java-1.43.1-win32-x64\jre\21.0.7-win32-x86_64\bin\net.dll
Event: 0.119 Loaded shared library C:\Users\afons\.vscode\extensions\redhat.java-1.43.1-win32-x64\jre\21.0.7-win32-x86_64\bin\nio.dll
Event: 0.123 Loaded shared library C:\Users\afons\.vscode\extensions\redhat.java-1.43.1-win32-x64\jre\21.0.7-win32-x86_64\bin\zip.dll
Event: 0.143 Loaded shared library C:\Users\afons\.vscode\extensions\redhat.java-1.43.1-win32-x64\jre\21.0.7-win32-x86_64\bin\jimage.dll
Event: 0.243 Loaded shared library c:\Users\afons\.vscode\extensions\redhat.java-1.43.1-win32-x64\jre\21.0.7-win32-x86_64\bin\verify.dll
Event: 1.476 Loaded shared library C:\Users\afons\AppData\Roaming\Code\User\globalStorage\redhat.java\1.43.1\config_win\org.eclipse.equinox.launcher\org.eclipse.equinox.launcher.win32.win32.x86_64_1.2.1300.v20250331-1702\eclipse_11911.dll
Event: 2.807 Loaded shared library C:\Users\afons\AppData\Local\Temp\jna-92730415\jna14122098823392568021.dll

Deoptimization events (20 events):
Event: 13.942 Thread 0x000002157e2570f0 Uncommon trap: trap_request=0xffffff54 fr.pc=0x000002156be98cd8 relative=0x0000000000003fd8
Event: 13.942 Thread 0x000002157e2570f0 Uncommon trap: reason=speculate_null_assert action=make_not_entrant pc=0x000002156be98cd8 method=jdk.internal.util.ReferencedKeyMap.internKey(Ljdk/internal/util/ReferencedKeyMap;Ljava/lang/Object;)Ljava/lang/Object; @ 28 c2
Event: 13.942 Thread 0x000002157e2570f0 DEOPT PACKING pc=0x000002156be98cd8 sp=0x0000008f1aefd180
Event: 13.942 Thread 0x000002157e2570f0 DEOPT UNPACKING pc=0x000002156b673aa2 sp=0x0000008f1aefcf80 mode 2
Event: 13.994 Thread 0x0000021542530b80 Uncommon trap: trap_request=0xffffff76 fr.pc=0x000002156be12ac8 relative=0x0000000000001208
Event: 13.994 Thread 0x0000021542530b80 Uncommon trap: reason=predicate action=maybe_recompile pc=0x000002156be12ac8 method=java.util.TimSort.binarySort([Ljava/lang/Object;IIILjava/util/Comparator;)V @ 34 c2
Event: 13.994 Thread 0x0000021542530b80 DEOPT PACKING pc=0x000002156be12ac8 sp=0x0000008f1c2fd560
Event: 13.994 Thread 0x0000021542530b80 DEOPT UNPACKING pc=0x000002156b673aa2 sp=0x0000008f1c2fd550 mode 2
Event: 14.039 Thread 0x00000215425325c0 Uncommon trap: trap_request=0xffffff45 fr.pc=0x000002156bc2384c relative=0x000000000000028c
Event: 14.039 Thread 0x00000215425325c0 Uncommon trap: reason=unstable_if action=reinterpret pc=0x000002156bc2384c method=org.eclipse.osgi.internal.framework.BundleContextImpl.setContextFinder()Ljava/lang/Object; @ 36 c2
Event: 14.039 Thread 0x00000215425325c0 DEOPT PACKING pc=0x000002156bc2384c sp=0x0000008f1c5fe100
Event: 14.039 Thread 0x00000215425325c0 DEOPT UNPACKING pc=0x000002156b673aa2 sp=0x0000008f1c5fe0b0 mode 2
Event: 14.178 Thread 0x0000021542530b80 Uncommon trap: trap_request=0xffffffde fr.pc=0x000002156bd98258 relative=0x00000000000000b8
Event: 14.178 Thread 0x0000021542530b80 Uncommon trap: reason=class_check action=maybe_recompile pc=0x000002156bd98258 method=jdk.internal.util.StrongReferenceKey.equals(Ljava/lang/Object;)Z @ 1 c2
Event: 14.178 Thread 0x0000021542530b80 DEOPT PACKING pc=0x000002156bd98258 sp=0x0000008f1c2fcc80
Event: 14.178 Thread 0x0000021542530b80 DEOPT UNPACKING pc=0x000002156b673aa2 sp=0x0000008f1c2fcc08 mode 2
Event: 14.199 Thread 0x000002157e2570f0 Uncommon trap: trap_request=0xffffff45 fr.pc=0x000002156bfc9dec relative=0x00000000000000cc
Event: 14.199 Thread 0x000002157e2570f0 Uncommon trap: reason=unstable_if action=reinterpret pc=0x000002156bfc9dec method=java.util.Hashtable$Enumerator.nextElement()Ljava/lang/Object; @ 87 c2
Event: 14.199 Thread 0x000002157e2570f0 DEOPT PACKING pc=0x000002156bfc9dec sp=0x0000008f1aefee00
Event: 14.199 Thread 0x000002157e2570f0 DEOPT UNPACKING pc=0x000002156b673aa2 sp=0x0000008f1aefed20 mode 2

Classes loaded (20 events):
Event: 8.693 Loading class java/util/WeakHashMap$KeyIterator
Event: 8.693 Loading class java/util/WeakHashMap$KeyIterator done
Event: 8.722 Loading class java/util/concurrent/CompletableFuture$UniApply
Event: 8.722 Loading class java/util/concurrent/CompletableFuture$UniApply done
Event: 8.723 Loading class java/util/concurrent/CompletableFuture$UniExceptionally
Event: 8.723 Loading class java/util/concurrent/CompletableFuture$UniExceptionally done
Event: 8.794 Loading class java/util/Hashtable$KeySet
Event: 8.794 Loading class java/util/Hashtable$KeySet done
Event: 9.182 Loading class java/lang/UnsupportedClassVersionError
Event: 9.183 Loading class java/lang/UnsupportedClassVersionError done
Event: 11.767 Loading class java/util/Collections$2
Event: 11.767 Loading class java/util/Collections$2 done
Event: 12.052 Loading class java/lang/invoke/MethodHandleImpl$CountingWrapper$1
Event: 12.052 Loading class java/lang/invoke/MethodHandleImpl$CountingWrapper$1 done
Event: 13.642 Loading class java/util/concurrent/CompletionException
Event: 13.642 Loading class java/util/concurrent/CompletionException done
Event: 13.770 Loading class java/util/stream/ReduceOps$4
Event: 13.770 Loading class java/util/stream/ReduceOps$4 done
Event: 13.770 Loading class java/util/stream/ReduceOps$4ReducingSink
Event: 13.771 Loading class java/util/stream/ReduceOps$4ReducingSink done

Classes unloaded (7 events):
Event: 3.396 Thread 0x0000021560e73120 Unloading class 0x00000215011a5000 'java/lang/invoke/LambdaForm$MH+0x00000215011a5000'
Event: 3.396 Thread 0x0000021560e73120 Unloading class 0x00000215011a4c00 'java/lang/invoke/LambdaForm$MH+0x00000215011a4c00'
Event: 3.396 Thread 0x0000021560e73120 Unloading class 0x00000215011a4800 'java/lang/invoke/LambdaForm$MH+0x00000215011a4800'
Event: 3.396 Thread 0x0000021560e73120 Unloading class 0x00000215011a4400 'java/lang/invoke/LambdaForm$MH+0x00000215011a4400'
Event: 3.396 Thread 0x0000021560e73120 Unloading class 0x00000215011a4000 'java/lang/invoke/LambdaForm$BMH+0x00000215011a4000'
Event: 3.396 Thread 0x0000021560e73120 Unloading class 0x00000215011a3c00 'java/lang/invoke/LambdaForm$DMH+0x00000215011a3c00'
Event: 3.396 Thread 0x0000021560e73120 Unloading class 0x00000215011a2800 'java/lang/invoke/LambdaForm$DMH+0x00000215011a2800'

Classes redefined (0 events):
No events

Internal exceptions (20 events):
Event: 11.769 Thread 0x000002157e2563d0 Exception <a 'sun/nio/fs/WindowsException'{0x00000000d5946290}> (0x00000000d5946290) 
thrown [s\src\hotspot\share\prims\jni.cpp, line 520]
Event: 11.769 Thread 0x000002157e2563d0 Exception <a 'sun/nio/fs/WindowsException'{0x00000000d5946b70}> (0x00000000d5946b70) 
thrown [s\src\hotspot\share\prims\jni.cpp, line 520]
Event: 12.365 Thread 0x000002154252d070 Exception <a 'sun/nio/fs/WindowsException'{0x00000000d5eb2ad8}> (0x00000000d5eb2ad8) 
thrown [s\src\hotspot\share\prims\jni.cpp, line 520]
Event: 12.365 Thread 0x000002154252d070 Exception <a 'sun/nio/fs/WindowsException'{0x00000000d5eb33d8}> (0x00000000d5eb33d8) 
thrown [s\src\hotspot\share\prims\jni.cpp, line 520]
Event: 12.367 Thread 0x000002154252d070 Exception <a 'sun/nio/fs/WindowsException'{0x00000000d5eb45a0}> (0x00000000d5eb45a0) 
thrown [s\src\hotspot\share\prims\jni.cpp, line 520]
Event: 12.367 Thread 0x000002154252d070 Exception <a 'sun/nio/fs/WindowsException'{0x00000000d5eb4e80}> (0x00000000d5eb4e80) 
thrown [s\src\hotspot\share\prims\jni.cpp, line 520]
Event: 12.369 Thread 0x000002154252d070 Exception <a 'sun/nio/fs/WindowsException'{0x00000000d5ec1fb0}> (0x00000000d5ec1fb0) 
thrown [s\src\hotspot\share\prims\jni.cpp, line 520]
Event: 12.369 Thread 0x000002154252d070 Exception <a 'sun/nio/fs/WindowsException'{0x00000000d5ec2890}> (0x00000000d5ec2890) 
thrown [s\src\hotspot\share\prims\jni.cpp, line 520]
Event: 12.378 Thread 0x000002154252d070 Exception <a 'sun/nio/fs/WindowsException'{0x00000000d5f5ec58}> (0x00000000d5f5ec58) 
thrown [s\src\hotspot\share\prims\jni.cpp, line 520]
Event: 12.378 Thread 0x000002154252d070 Exception <a 'sun/nio/fs/WindowsException'{0x00000000d5f5f538}> (0x00000000d5f5f538) 
thrown [s\src\hotspot\share\prims\jni.cpp, line 520]
Event: 13.637 Thread 0x00000215425304f0 Exception <a 'java/lang/IncompatibleClassChangeError'{0x00000000d5910870}: Found class java.lang.Object, but interface was expected> (0x00000000d5910870) 
thrown [s\src\hotspot\share\interpreter\linkResolver.cpp, line 840]
Event: 13.653 Thread 0x00000215425325c0 Exception <a 'java/lang/NoSuchMethodError'{0x00000000d5ae0b70}: 'java.lang.Object java.lang.invoke.DirectMethodHandle$Holder.invokeSpecial(java.lang.Object, java.lang.Object, java.lang.Object, java.lang.Object, int, java.lang.Object, java.lang.Object)'> (0x00000000d5ae0b70) 
thrown [s\src\hotspot\share\interpreter\linkResolver.cpp, line 773]
Event: 13.655 Thread 0x0000021542530b80 Exception <a 'java/lang/IncompatibleClassChangeError'{0x00000000d5a2e5c0}: Found class java.lang.Object, but interface was expected> (0x00000000d5a2e5c0) 
thrown [s\src\hotspot\share\interpreter\linkResolver.cpp, line 840]
Event: 13.776 Thread 0x0000021542530b80 Exception <a 'java/lang/NoSuchMethodError'{0x00000000d61aacb0}: 'int java.lang.invoke.DirectMethodHandle$Holder.invokeSpecialIFC(java.lang.Object, java.lang.Object, java.lang.Object)'> (0x00000000d61aacb0) 
thrown [s\src\hotspot\share\interpreter\linkResolver.cpp, line 773]
Event: 13.776 Thread 0x000002157e2570f0 Exception <a 'java/lang/NoSuchMethodError'{0x00000000d61b99e0}: 'int java.lang.invoke.DirectMethodHandle$Holder.invokeSpecialIFC(java.lang.Object, java.lang.Object, java.lang.Object)'> (0x00000000d61b99e0) 
thrown [s\src\hotspot\share\interpreter\linkResolver.cpp, line 773]
Event: 13.808 Thread 0x0000021542530b80 Exception <a 'java/lang/LinkageError'{0x00000000d6366f80}: loader lombok.launch.ShadowClassLoader @4df59ba7 attempted duplicate class definition for lombok.launch.PatchFixesHider$Delegate. (lombok.launch.PatchFixesHider$Delegate is in unnamed module of loader lombok.launch.ShadowClassLoader @4df59ba7, parent loader org.eclipse.osgi.internal.loader.EquinoxClassLoader @5e8bc33f)> (0x00000000d6366f80) 
thrown [s\src\hotspot\share\classfile\systemDictionary.cpp, line 1682]
Event: 14.039 Thread 0x000002157e256a60 Exception <a 'sun/nio/fs/WindowsException'{0x00000000d5b25fc8}> (0x00000000d5b25fc8) 
thrown [s\src\hotspot\share\prims\jni.cpp, line 520]
Event: 14.040 Thread 0x000002157e256a60 Exception <a 'sun/nio/fs/WindowsException'{0x00000000d5b265f8}> (0x00000000d5b265f8) 
thrown [s\src\hotspot\share\prims\jni.cpp, line 520]
Event: 14.070 Thread 0x000002157e256a60 Exception <a 'java/lang/NoSuchMethodError'{0x00000000d5cadf50}: method resolution failed> (0x00000000d5cadf50) 
thrown [s\src\hotspot\share\prims\methodHandles.cpp, line 1144]
Event: 14.079 Thread 0x000002157e2570f0 Exception <a 'java/lang/LinkageError'{0x00000000d5cf7368}: loader lombok.launch.ShadowClassLoader @4df59ba7 attempted duplicate class definition for lombok.launch.PatchFixesHider$ExtensionMethod. (lombok.launch.PatchFixesHider$ExtensionMethod is in unnamed module of loader lombok.launch.ShadowClassLoader @4df59ba7, parent loader org.eclipse.osgi.internal.loader.EquinoxClassLoader @5e8bc33f)> (0x00000000d5cf7368) 
thrown [s\src\hotspot\share\classfile\systemDictionary.cpp, line 1682]

ZGC Phase Switch (0 events):
No events

VM Operations (20 events):
Event: 11.680 Executing VM operation: ParallelGCFailedAllocation (Allocation Failure)
Event: 11.682 Executing VM operation: ParallelGCFailedAllocation (Allocation Failure) done
Event: 11.947 Executing VM operation: ParallelGCFailedAllocation (Allocation Failure)
Event: 11.951 Executing VM operation: ParallelGCFailedAllocation (Allocation Failure) done
Event: 12.132 Executing VM operation: ParallelGCFailedAllocation (Allocation Failure)
Event: 12.136 Executing VM operation: ParallelGCFailedAllocation (Allocation Failure) done
Event: 13.137 Executing VM operation: Cleanup
Event: 13.137 Executing VM operation: Cleanup done
Event: 13.499 Executing VM operation: ParallelGCFailedAllocation (Allocation Failure)
Event: 13.500 Executing VM operation: ParallelGCFailedAllocation (Allocation Failure) done
Event: 13.530 Executing VM operation: ParallelGCFailedAllocation (Allocation Failure)
Event: 13.532 Executing VM operation: ParallelGCFailedAllocation (Allocation Failure) done
Event: 13.599 Executing VM operation: ParallelGCFailedAllocation (Allocation Failure)
Event: 13.600 Executing VM operation: ParallelGCFailedAllocation (Allocation Failure) done
Event: 13.676 Executing VM operation: HandshakeAllThreads (Deoptimize)
Event: 13.676 Executing VM operation: HandshakeAllThreads (Deoptimize) done
Event: 13.897 Executing VM operation: HandshakeAllThreads (Deoptimize)
Event: 13.897 Executing VM operation: HandshakeAllThreads (Deoptimize) done
Event: 13.908 Executing VM operation: ParallelGCFailedAllocation (Allocation Failure)
Event: 13.912 Executing VM operation: ParallelGCFailedAllocation (Allocation Failure) done

Memory protections (0 events):
No events

Nmethod flushes (20 events):
Event: 10.559 Thread 0x0000021560e73120 flushing  nmethod 0x00000215649c7490
Event: 10.559 Thread 0x0000021560e73120 flushing  nmethod 0x00000215649d3010
Event: 10.559 Thread 0x0000021560e73120 flushing  nmethod 0x00000215649d6510
Event: 10.559 Thread 0x0000021560e73120 flushing  nmethod 0x00000215649dd690
Event: 10.559 Thread 0x0000021560e73120 flushing  nmethod 0x00000215649e5a90
Event: 10.559 Thread 0x0000021560e73120 flushing  nmethod 0x00000215649e8590
Event: 10.559 Thread 0x0000021560e73120 flushing  nmethod 0x00000215649e8b90
Event: 10.559 Thread 0x0000021560e73120 flushing  nmethod 0x00000215649e9410
Event: 10.559 Thread 0x0000021560e73120 flushing  nmethod 0x00000215649ea110
Event: 10.559 Thread 0x0000021560e73120 flushing  nmethod 0x00000215649ef910
Event: 10.559 Thread 0x0000021560e73120 flushing  nmethod 0x00000215649f7710
Event: 10.559 Thread 0x0000021560e73120 flushing  nmethod 0x00000215649fba90
Event: 10.559 Thread 0x0000021560e73120 flushing  nmethod 0x0000021564a3bb90
Event: 10.559 Thread 0x0000021560e73120 flushing  nmethod 0x0000021564a8d290
Event: 10.559 Thread 0x0000021560e73120 flushing  nmethod 0x0000021564a8fa10
Event: 10.559 Thread 0x0000021560e73120 flushing  nmethod 0x0000021564a90410
Event: 10.559 Thread 0x0000021560e73120 flushing  nmethod 0x0000021564a90890
Event: 10.559 Thread 0x0000021560e73120 flushing  nmethod 0x0000021564a90c10
Event: 10.559 Thread 0x0000021560e73120 flushing  nmethod 0x0000021564a97010
Event: 10.559 Thread 0x0000021560e73120 flushing  nmethod 0x0000021564aa1390

Events (20 events):
Event: 5.101 Thread 0x0000021542531f30 Thread added: 0x00000215425325c0
Event: 5.101 Thread 0x000002154252d070 Thread added: 0x00000215425318a0
Event: 5.102 Thread 0x0000021542531210 Thread added: 0x0000021541ae7d90
Event: 8.488 Thread 0x000002157e254300 Thread exited: 0x000002157e254300
Event: 8.860 Thread 0x000002157e2563d0 Thread added: 0x0000021541ae5cc0
Event: 10.858 Thread 0x000002157e2563d0 Thread added: 0x0000021541ae97d0
Event: 10.859 Thread 0x000002157e2563d0 Thread added: 0x0000021541ae7070
Event: 10.859 Thread 0x000002157e2563d0 Thread added: 0x0000021541ae6350
Event: 10.860 Thread 0x000002157e2563d0 Thread added: 0x0000021541ae9e60
Event: 10.861 Thread 0x000002157e2563d0 Thread added: 0x0000021541aea4f0
Event: 11.317 Thread 0x0000021541ae6350 Thread exited: 0x0000021541ae6350
Event: 11.317 Thread 0x0000021541ae97d0 Thread exited: 0x0000021541ae97d0
Event: 11.318 Thread 0x0000021541ae7070 Thread exited: 0x0000021541ae7070
Event: 11.318 Thread 0x0000021541ae9e60 Thread exited: 0x0000021541ae9e60
Event: 11.319 Thread 0x0000021541aea4f0 Thread exited: 0x0000021541aea4f0
Event: 12.567 Thread 0x000002157956b2e0 Thread exited: 0x000002157956b2e0
Event: 13.360 Thread 0x00000215793a2eb0 Thread exited: 0x00000215793a2eb0
Event: 13.588 Thread 0x0000021560ea1000 Thread added: 0x000002154307acb0
Event: 13.634 Thread 0x0000021560ea1000 Thread added: 0x000002154307b380
Event: 13.862 Thread 0x0000021541ae5cc0 Thread exited: 0x0000021541ae5cc0


Dynamic libraries:
0x00007ff674d70000 - 0x00007ff674d7e000 	c:\Users\afons\.vscode\extensions\redhat.java-1.43.1-win32-x64\jre\21.0.7-win32-x86_64\bin\java.exe
0x00007ff8945e0000 - 0x00007ff894847000 	C:\WINDOWS\SYSTEM32\ntdll.dll
0x00007ff892ac0000 - 0x00007ff892b89000 	C:\WINDOWS\System32\KERNEL32.DLL
0x00007ff891a60000 - 0x00007ff891e50000 	C:\WINDOWS\System32\KERNELBASE.dll
0x00007ff88e700000 - 0x00007ff88e79e000 	C:\WINDOWS\SYSTEM32\apphelp.dll
0x00007ff891710000 - 0x00007ff89185b000 	C:\WINDOWS\System32\ucrtbase.dll
0x00007ff873610000 - 0x00007ff873628000 	c:\Users\afons\.vscode\extensions\redhat.java-1.43.1-win32-x64\jre\21.0.7-win32-x86_64\bin\jli.dll
0x00007ff8925d0000 - 0x00007ff892795000 	C:\WINDOWS\System32\USER32.dll
0x00007ff8918f0000 - 0x00007ff891917000 	C:\WINDOWS\System32\win32u.dll
0x00007ff894570000 - 0x00007ff89459b000 	C:\WINDOWS\System32\GDI32.dll
0x00007ff891920000 - 0x00007ff891a58000 	C:\WINDOWS\System32\gdi32full.dll
0x00007ff891e60000 - 0x00007ff891f03000 	C:\WINDOWS\System32\msvcp_win.dll
0x00007ff866a40000 - 0x00007ff866a5e000 	c:\Users\afons\.vscode\extensions\redhat.java-1.43.1-win32-x64\jre\21.0.7-win32-x86_64\bin\VCRUNTIME140.dll
0x00007ff876840000 - 0x00007ff876ada000 	C:\WINDOWS\WinSxS\amd64_microsoft.windows.common-controls_6595b64144ccf1df_6.0.26100.4768_none_3e0c112ce331287c\COMCTL32.dll
0x00007ff893840000 - 0x00007ff8938e9000 	C:\WINDOWS\System32\msvcrt.dll
0x00007ff892370000 - 0x00007ff89239f000 	C:\WINDOWS\System32\IMM32.DLL
0x00007ff887d00000 - 0x00007ff887d0c000 	c:\Users\afons\.vscode\extensions\redhat.java-1.43.1-win32-x64\jre\21.0.7-win32-x86_64\bin\vcruntime140_1.dll
0x00007ff84b4e0000 - 0x00007ff84b56d000 	c:\Users\afons\.vscode\extensions\redhat.java-1.43.1-win32-x64\jre\21.0.7-win32-x86_64\bin\msvcp140.dll
0x00007fffe5a30000 - 0x00007fffe67c0000 	c:\Users\afons\.vscode\extensions\redhat.java-1.43.1-win32-x64\jre\21.0.7-win32-x86_64\bin\server\jvm.dll
0x00007ff892b90000 - 0x00007ff892c44000 	C:\WINDOWS\System32\ADVAPI32.dll
0x00007ff892a10000 - 0x00007ff892ab6000 	C:\WINDOWS\System32\sechost.dll
0x00007ff894320000 - 0x00007ff894438000 	C:\WINDOWS\System32\RPCRT4.dll
0x00007ff892550000 - 0x00007ff8925c4000 	C:\WINDOWS\System32\WS2_32.dll
0x00007ff891570000 - 0x00007ff8915ce000 	C:\WINDOWS\SYSTEM32\POWRPROF.dll
0x00007ff87b730000 - 0x00007ff87b765000 	C:\WINDOWS\SYSTEM32\WINMM.dll
0x00007ff885f10000 - 0x00007ff885f1b000 	C:\WINDOWS\SYSTEM32\VERSION.dll
0x00007ff891550000 - 0x00007ff891564000 	C:\WINDOWS\SYSTEM32\UMPDC.dll
0x00007ff890460000 - 0x00007ff89047b000 	C:\WINDOWS\SYSTEM32\kernel.appcore.dll
0x00007ff87fba0000 - 0x00007ff87fbaa000 	c:\Users\afons\.vscode\extensions\redhat.java-1.43.1-win32-x64\jre\21.0.7-win32-x86_64\bin\jimage.dll
0x00007ff8884d0000 - 0x00007ff888711000 	C:\WINDOWS\SYSTEM32\DBGHELP.DLL
0x00007ff892d00000 - 0x00007ff893085000 	C:\WINDOWS\System32\combase.dll
0x00007ff894470000 - 0x00007ff894550000 	C:\WINDOWS\System32\OLEAUT32.dll
0x00007ff862b80000 - 0x00007ff862bc3000 	C:\WINDOWS\SYSTEM32\dbgcore.DLL
0x00007ff8922d0000 - 0x00007ff892369000 	C:\WINDOWS\System32\bcryptPrimitives.dll
0x00007ff887ce0000 - 0x00007ff887cef000 	c:\Users\afons\.vscode\extensions\redhat.java-1.43.1-win32-x64\jre\21.0.7-win32-x86_64\bin\instrument.dll
0x00007ff8654e0000 - 0x00007ff8654ff000 	c:\Users\afons\.vscode\extensions\redhat.java-1.43.1-win32-x64\jre\21.0.7-win32-x86_64\bin\java.dll
0x00007ff893b70000 - 0x00007ff8942bd000 	C:\WINDOWS\System32\SHELL32.dll
0x00007ff891f10000 - 0x00007ff892083000 	C:\WINDOWS\System32\wintypes.dll
0x00007ff88f2d0000 - 0x00007ff88fb2f000 	C:\WINDOWS\SYSTEM32\windows.storage.dll
0x00007ff893740000 - 0x00007ff893835000 	C:\WINDOWS\System32\SHCORE.dll
0x00007ff893090000 - 0x00007ff8930fa000 	C:\WINDOWS\System32\shlwapi.dll
0x00007ff891630000 - 0x00007ff891659000 	C:\WINDOWS\SYSTEM32\profapi.dll
0x00007ff8638e0000 - 0x00007ff8638f8000 	c:\Users\afons\.vscode\extensions\redhat.java-1.43.1-win32-x64\jre\21.0.7-win32-x86_64\bin\zip.dll
0x00007ff878870000 - 0x00007ff878880000 	C:\Users\afons\.vscode\extensions\redhat.java-1.43.1-win32-x64\jre\21.0.7-win32-x86_64\bin\net.dll
0x00007ff884c20000 - 0x00007ff884d3e000 	C:\WINDOWS\SYSTEM32\WINHTTP.dll
0x00007ff890a20000 - 0x00007ff890a8b000 	C:\WINDOWS\system32\mswsock.dll
0x00007ff8772e0000 - 0x00007ff8772f6000 	C:\Users\afons\.vscode\extensions\redhat.java-1.43.1-win32-x64\jre\21.0.7-win32-x86_64\bin\nio.dll
0x00007ff87f7f0000 - 0x00007ff87f800000 	c:\Users\afons\.vscode\extensions\redhat.java-1.43.1-win32-x64\jre\21.0.7-win32-x86_64\bin\verify.dll
0x00007ff87cbf0000 - 0x00007ff87cc35000 	C:\Users\afons\AppData\Roaming\Code\User\globalStorage\redhat.java\1.43.1\config_win\org.eclipse.equinox.launcher\org.eclipse.equinox.launcher.win32.win32.x86_64_1.2.1300.v20250331-1702\eclipse_11911.dll
0x00007ff893590000 - 0x00007ff893730000 	C:\WINDOWS\System32\ole32.dll
0x00007ff890ce0000 - 0x00007ff890cfb000 	C:\WINDOWS\SYSTEM32\CRYPTSP.dll
0x00007ff8903c0000 - 0x00007ff8903fb000 	C:\WINDOWS\system32\rsaenh.dll
0x00007ff890ac0000 - 0x00007ff890aeb000 	C:\WINDOWS\SYSTEM32\USERENV.dll
0x00007ff891600000 - 0x00007ff891626000 	C:\WINDOWS\SYSTEM32\bcrypt.dll
0x00007ff890d00000 - 0x00007ff890d0c000 	C:\WINDOWS\SYSTEM32\CRYPTBASE.dll
0x00007ff88fe40000 - 0x00007ff88fe73000 	C:\WINDOWS\SYSTEM32\IPHLPAPI.DLL
0x00007ff893b60000 - 0x00007ff893b6a000 	C:\WINDOWS\System32\NSI.dll
0x00007ff879f60000 - 0x00007ff879fa9000 	C:\Users\afons\AppData\Local\Temp\jna-92730415\jna14122098823392568021.dll
0x00007ff892540000 - 0x00007ff892548000 	C:\WINDOWS\System32\PSAPI.DLL
0x00007ff885f20000 - 0x00007ff885f3f000 	C:\WINDOWS\SYSTEM32\dhcpcsvc6.DLL
0x00007ff885c50000 - 0x00007ff885c75000 	C:\WINDOWS\SYSTEM32\dhcpcsvc.DLL

dbghelp: loaded successfully - version: 4.0.5 - missing functions: none
symbol engine: initialized successfully - sym options: 0x614 - pdb path: .;c:\Users\afons\.vscode\extensions\redhat.java-1.43.1-win32-x64\jre\21.0.7-win32-x86_64\bin;C:\WINDOWS\SYSTEM32;C:\WINDOWS\WinSxS\amd64_microsoft.windows.common-controls_6595b64144ccf1df_6.0.26100.4768_none_3e0c112ce331287c;c:\Users\afons\.vscode\extensions\redhat.java-1.43.1-win32-x64\jre\21.0.7-win32-x86_64\bin\server;C:\Users\afons\AppData\Roaming\Code\User\globalStorage\redhat.java\1.43.1\config_win\org.eclipse.equinox.launcher\org.eclipse.equinox.launcher.win32.win32.x86_64_1.2.1300.v20250331-1702;C:\Users\afons\AppData\Local\Temp\jna-92730415

VM Arguments:
jvm_args: --add-modules=ALL-SYSTEM --add-opens=java.base/java.util=ALL-UNNAMED --add-opens=java.base/java.lang=ALL-UNNAMED --add-opens=java.base/sun.nio.fs=ALL-UNNAMED -Declipse.application=org.eclipse.jdt.ls.core.id1 -Dosgi.bundles.defaultStartLevel=4 -Declipse.product=org.eclipse.jdt.ls.core.product -Djava.import.generatesMetadataFilesAtProjectRoot=false -DDetectVMInstallationsJob.disabled=true -Dfile.encoding=utf8 -XX:+UseParallelGC -XX:GCTimeRatio=4 -XX:AdaptiveSizePolicyWeight=90 -Dsun.zip.disableMemoryMapping=true -Xmx2G -Xms100m -Xlog:disable -javaagent:c:\Users\afons\.vscode\extensions\redhat.java-1.43.1-win32-x64\lombok\lombok-1.18.39-4050.jar -XX:+HeapDumpOnOutOfMemoryError -XX:HeapDumpPath=c:\Users\afons\AppData\Roaming\Code\User\workspaceStorage\b2509ea36dbf2085d57c344f080729fb\redhat.java -Daether.dependencyCollector.impl=bf 
java_command: c:\Users\afons\.vscode\extensions\redhat.java-1.43.1-win32-x64\server\plugins\org.eclipse.equinox.launcher_1.7.0.v20250519-0528.jar -configuration c:\Users\afons\AppData\Roaming\Code\User\globalStorage\redhat.java\1.43.1\config_win -data c:\Users\afons\AppData\Roaming\Code\User\workspaceStorage\b2509ea36dbf2085d57c344f080729fb\redhat.java\jdt_ws --pipe=\\.\pipe\lsp-e6df963c8767d710369edd1004919c9e-sock
java_class_path (initial): c:\Users\afons\.vscode\extensions\redhat.java-1.43.1-win32-x64\server\plugins\org.eclipse.equinox.launcher_1.7.0.v20250519-0528.jar
Launcher Type: SUN_STANDARD

[Global flags]
    uintx AdaptiveSizePolicyWeight                 = 90                                        {product} {command line}
     intx CICompilerCount                          = 4                                         {product} {ergonomic}
    uintx GCTimeRatio                              = 4                                         {product} {command line}
     bool HeapDumpOnOutOfMemoryError               = true                                   {manageable} {command line}
    ccstr HeapDumpPath                             = c:\Users\afons\AppData\Roaming\Code\User\workspaceStorage\b2509ea36dbf2085d57c344f080729fb\redhat.java         {manageable} {command line}
   size_t InitialHeapSize                          = 104857600                                 {product} {command line}
   size_t MaxHeapSize                              = 2147483648                                {product} {command line}
   size_t MaxNewSize                               = 715653120                                 {product} {ergonomic}
   size_t MinHeapDeltaBytes                        = 524288                                    {product} {ergonomic}
   size_t MinHeapSize                              = 104857600                                 {product} {command line}
   size_t NewSize                                  = 34603008                                  {product} {ergonomic}
    uintx NonNMethodCodeHeapSize                   = 5839372                                {pd product} {ergonomic}
    uintx NonProfiledCodeHeapSize                  = 122909434                              {pd product} {ergonomic}
   size_t OldSize                                  = 70254592                                  {product} {ergonomic}
    uintx ProfiledCodeHeapSize                     = 122909434                              {pd product} {ergonomic}
    uintx ReservedCodeCacheSize                    = 251658240                              {pd product} {ergonomic}
     bool SegmentedCodeCache                       = true                                      {product} {ergonomic}
   size_t SoftMaxHeapSize                          = 2147483648                             {manageable} {ergonomic}
     bool UseCompressedOops                        = true                           {product lp64_product} {ergonomic}
     bool UseLargePagesIndividualAllocation        = false                                  {pd product} {ergonomic}
     bool UseParallelGC                            = true                                      {product} {command line}

Logging:
Log output configuration:
 #0: stdout all=off uptime,level,tags foldmultilines=false
 #1: stderr all=off uptime,level,tags foldmultilines=false

Environment Variables:
PATH=C:\Program Files\Common Files\Oracle\Java\javapath;C:\Windows\system32;C:\Windows;C:\Windows\System32\Wbem;C:\Windows\System32\WindowsPowerShell\v1.0\;C:\Windows\System32\OpenSSH\;C:\Program Files (x86)\NVIDIA Corporation\PhysX\Common;C:\WINDOWS\system32;C:\WINDOWS;C:\WINDOWS\System32\Wbem;C:\WINDOWS\System32\WindowsPowerShell\v1.0\;C:\WINDOWS\System32\OpenSSH\;C:\Program Files\Git\cmd;C:\Program Files\dotnet\;C:\Users\afons\AppData\Local\Programs\Python\Python39\Scripts;C:\Users\afons\OneDrive\Documentos\Desenvolvimento\apache-maven-3.8.8\bin;C:\Users\afons\OneDrive\Documentos\Desenvolvimento\apache-maven-3.8.8\bin;C:\Program Files\NVIDIA Corporation\NVIDIA app\NvDLISR;C:\Program Files (x86)\Windows Kits\10\Windows Performance Toolkit\;C:\Users\afons\AppData\Local\Microsoft\WindowsApps;C:\Users\afons\AppData\Local\Programs\Microsoft VS Code\bin;C:\MinGW\bin;C:\Users\afons\.dotnet\tools;C:\Users\afons\OneDrive\Documentos\Desenvolvimento\apache-maven-4.0.0-rc-2\bin;
USERNAME=afons
OS=Windows_NT
PROCESSOR_IDENTIFIER=Intel64 Family 6 Model 142 Stepping 12, GenuineIntel
TMP=C:\Users\afons\AppData\Local\Temp
TEMP=C:\Users\afons\AppData\Local\Temp




Periodic native trim disabled

---------------  S Y S T E M  ---------------

OS:
 Windows 11 , 64 bit Build 26100 (10.0.26100.4768)
OS uptime: 0 days 0:09 hours
Hyper-V role detected

CPU: total 8 (initial active 8) (4 cores per cpu, 2 threads per core) family 6 model 142 stepping 12 microcode 0xde, cx8, cmov, fxsr, ht, mmx, 3dnowpref, sse, sse2, sse3, ssse3, sse4.1, sse4.2, popcnt, lzcnt, tsc, tscinvbit, avx, avx2, aes, erms, clmul, bmi1, bmi2, adx, fma, vzeroupper, clflush, clflushopt, hv, rdtscp, f16c
Processor Information for the first 8 processors :
  Max Mhz: 2112, Current Mhz: 1609, Mhz Limit: 1605

Memory: 4k page, system-wide physical 8013M (1309M free)
TotalPageFile size 12365M (AvailPageFile size 4071M)
current process WorkingSet (physical memory assigned to process): 317M, peak: 323M
current process commit charge ("private bytes"): 388M, peak: 393M

vm_info: OpenJDK 64-Bit Server VM (21.0.7+6-LTS) for windows-amd64 JRE (21.0.7+6-LTS), built on 2025-04-15T00:00:00Z by "admin" with MS VC++ 17.7 (VS2022)

END.
