#
# A fatal error has been detected by the Java Runtime Environment:
#
#  EXCEPTION_ACCESS_VIOLATION (0xc0000005) at pc=0x00007fffe6027bf3, pid=10752, tid=4040
#
# JRE version: OpenJDK Runtime Environment Temurin-21.0.7+6 (21.0.7+6) (build 21.0.7+6-LTS)
# Java VM: OpenJDK 64-Bit Server VM Temurin-21.0.7+6 (21.0.7+6-LTS, mixed mode, sharing, tiered, compressed oops, compressed class ptrs, parallel gc, windows-amd64)
# Problematic frame:
# V  [jvm.dll+0x5f7bf3]
#
# No core dump will be written. Minidumps are not enabled by default on client versions of Windows
#
# If you would like to submit a bug report, please visit:
#   https://github.com/adoptium/adoptium-support/issues
#

---------------  S U M M A R Y ------------

Command Line: --add-modules=ALL-SYSTEM --add-opens=java.base/java.util=ALL-UNNAMED --add-opens=java.base/java.lang=ALL-UNNAMED --add-opens=java.base/sun.nio.fs=ALL-UNNAMED -Declipse.application=org.eclipse.jdt.ls.core.id1 -Dosgi.bundles.defaultStartLevel=4 -Declipse.product=org.eclipse.jdt.ls.core.product -Djava.import.generatesMetadataFilesAtProjectRoot=false -DDetectVMInstallationsJob.disabled=true -Dfile.encoding=utf8 -XX:+UseParallelGC -XX:GCTimeRatio=4 -XX:AdaptiveSizePolicyWeight=90 -Dsun.zip.disableMemoryMapping=true -Xmx2G -Xms100m -Xlog:disable -javaagent:c:\Users\afons\.vscode\extensions\redhat.java-1.43.1-win32-x64\lombok\lombok-1.18.39-4050.jar -XX:+HeapDumpOnOutOfMemoryError -XX:HeapDumpPath=c:\Users\afons\AppData\Roaming\Code\User\workspaceStorage\b2509ea36dbf2085d57c344f080729fb\redhat.java -Daether.dependencyCollector.impl=bf c:\Users\afons\.vscode\extensions\redhat.java-1.43.1-win32-x64\server\plugins\org.eclipse.equinox.launcher_1.7.0.v20250519-0528.jar -configuration c:\Users\afons\AppData\Roaming\Code\User\globalStorage\redhat.java\1.43.1\config_win -data c:\Users\afons\AppData\Roaming\Code\User\workspaceStorage\b2509ea36dbf2085d57c344f080729fb\redhat.java\jdt_ws --pipe=\\.\pipe\lsp-bf5c18a45f0d0392cb0da4f0bd9ef653-sock

Host: Intel(R) Core(TM) i5-10210U CPU @ 1.60GHz, 8 cores, 7G,  Windows 11 , 64 bit Build 26100 (10.0.26100.4768)
Time: Fri Jul 25 08:43:39 2025 Hora Padrão da Bahia elapsed time: 31.137516 seconds (0d 0h 0m 31s)

---------------  T H R E A D  ---------------

Current thread (0x000002061afab620):  JavaThread "C2 CompilerThread0" daemon [_thread_in_native, id=4040, stack(0x0000006ccc600000,0x0000006ccc700000) (1024K)]


Current CompileTask:
C2:31137 9660 % !   4       org.eclipse.jdt.internal.compiler.classfmt.ClassFileReader::<init> @ 81 (2135 bytes)

Stack: [0x0000006ccc600000,0x0000006ccc700000],  sp=0x0000006ccc6fc050,  free space=1008k
Native frames: (J=compiled Java code, j=interpreted, Vv=VM code, C=native code)
V  [jvm.dll+0x5f7bf3]
V  [jvm.dll+0x5f6ea8]
V  [jvm.dll+0x250cb2]
V  [jvm.dll+0x25106f]
V  [jvm.dll+0x249934]
V  [jvm.dll+0x246fc4]
V  [jvm.dll+0x1c760e]
V  [jvm.dll+0x25695a]
V  [jvm.dll+0x254efa]
V  [jvm.dll+0x3f03f6]
V  [jvm.dll+0x851f6b]
V  [jvm.dll+0x6cc7dd]
C  [ucrtbase.dll+0x37b0]
C  [KERNEL32.DLL+0x2e8d7]
C  [ntdll.dll+0x3c34c]


siginfo: EXCEPTION_ACCESS_VIOLATION (0xc0000005), reading address 0xffffffffffffffff


Registers:
RAX=0x0000000000000000, RBX=0x001002067adc0780, RCX=0x0000000000000002, RDX=0x000002067e889dc8
RSP=0x0000006ccc6fc050, RBP=0x0000000000000003, RSI=0x0000006ccc6fc3e0, RDI=0x0000006ccc6fc120
R8 =0x0000000000000008, R9 =0x0000000000000000, R10=0x0000000000001215, R11=0x8080808080808080
R12=0x0000006ccc6fc100, R13=0x0000006ccc6fc0e0, R14=0x0000000000000001, R15=0x000002067adc0460
RIP=0x00007fffe6027bf3, EFLAGS=0x0000000000010203

XMM[0]=0x0000000000000000 0x0000000000000000
XMM[1]=0x0000000000000000 0x0000000000000000
XMM[2]=0x0000000000000000 0x0000000000000000
XMM[3]=0x0000000000000000 0x0000000000000000
XMM[4]=0x0000000000000000 0x0000000000000000
XMM[5]=0x0000000000000000 0x0000000000000000
XMM[6]=0x0000000000000000 0x0000000000000000
XMM[7]=0x0000000000000000 0x0000000000000000
XMM[8]=0x0000000000000000 0x0000000000000000
XMM[9]=0x0000000000000000 0x0000000000000000
XMM[10]=0x0000000000000000 0x0000000000000000
XMM[11]=0x0000000000000000 0x0000000000000000
XMM[12]=0x0000000000000000 0x0000000000000000
XMM[13]=0x0000000000000000 0x0000000000000000
XMM[14]=0x0000000000000000 0x0000000000000000
XMM[15]=0x0000000000000000 0x0000000000000000
  MXCSR=0x00001fa0


Register to memory mapping:

RAX=0x0 is null
RBX=0x001002067adc0780 is an unknown value
RCX=0x0000000000000002 is an unknown value
RDX=0x000002067e889dc8 points into unknown readable memory: 0x1413e0061f738fde | de 8f 73 1f 06 e0 13 14
RSP=0x0000006ccc6fc050 is pointing into the stack for thread: 0x000002061afab620
RBP=0x0000000000000003 is an unknown value
RSI=0x0000006ccc6fc3e0 is pointing into the stack for thread: 0x000002061afab620
RDI=0x0000006ccc6fc120 is pointing into the stack for thread: 0x000002061afab620
R8 =0x0000000000000008 is an unknown value
R9 =0x0 is null
R10=0x0000000000001215 is an unknown value
R11=0x8080808080808080 is an unknown value
R12=0x0000006ccc6fc100 is pointing into the stack for thread: 0x000002061afab620
R13=0x0000006ccc6fc0e0 is pointing into the stack for thread: 0x000002061afab620
R14=0x0000000000000001 is an unknown value
R15=0x000002067adc0460 points into unknown readable memory: 0x00007fffe6419f30 | 30 9f 41 e6 ff 7f 00 00

Top of Stack: (sp=0x0000006ccc6fc050)
0x0000006ccc6fc050:   0000000000000011 0000000000000800
0x0000006ccc6fc060:   0000006ccc6fc100 0000006ccc6fc0e0
0x0000006ccc6fc070:   000002061b02ed80 0000000000000000
0x0000006ccc6fc080:   0000006ccc6fc1b0 000002061afaf200
0x0000006ccc6fc090:   0000000000000000 0000006ccc6fc3e0
0x0000006ccc6fc0a0:   000002067ad6a4e8 00007fffe6026ea8
0x0000006ccc6fc0b0:   0000006ccc6fc3e0 0000000000000001
0x0000006ccc6fc0c0:   0000006c00000002 0000006ccc6fc120
0x0000006ccc6fc0d0:   0000000000000000 0000000000000000
0x0000006ccc6fc0e0:   000002061af93840 0000000000001000
0x0000006ccc6fc0f0:   0000020679f10ca0 0000000000000ac7
0x0000006ccc6fc100:   0000000000000200 000002067e8899f0
0x0000006ccc6fc110:   0000000000000200 000002061af93840
0x0000006ccc6fc120:   000002067f178270 000002067f188740
0x0000006ccc6fc130:   000002067f178240 000002061af93840
0x0000006ccc6fc140:   000002061af93840 0000000000000004
0x0000006ccc6fc150:   000002067f304e50 0000000000000000
0x0000006ccc6fc160:   0000000000000000 0000000000000000
0x0000006ccc6fc170:   0000000000000000 0000000000000000
0x0000006ccc6fc180:   0000000000000000 0000000000000000
0x0000006ccc6fc190:   0000000000000000 0000000000000000
0x0000006ccc6fc1a0:   0000000000000000 0000000000000000
0x0000006ccc6fc1b0:   0000000000000000 0000000000000000
0x0000006ccc6fc1c0:   0000000000000000 0000000000000000
0x0000006ccc6fc1d0:   0000000000000000 0000000000000000
0x0000006ccc6fc1e0:   0000000000000000 00007fffe62949ef
0x0000006ccc6fc1f0:   0000000000000000 0000000000000000
0x0000006ccc6fc200:   0000000000000000 0000000000000000
0x0000006ccc6fc210:   0000020679cd7e28 00007fffe629495a
0x0000006ccc6fc220:   000002067473a7a0 000002067ad6b030
0x0000006ccc6fc230:   0000000000000000 00007fffe62949ef
0x0000006ccc6fc240:   0000000000000000 00007fffe62945a3 

Instructions: (pc=0x00007fffe6027bf3)
0x00007fffe6027af3:   ff 4c 8b 64 24 28 48 8b 7c 24 30 48 8b 74 24 38
0x00007fffe6027b03:   48 8b 5c 24 60 4c 8b 74 24 20 48 83 c4 40 41 5f
0x00007fffe6027b13:   41 5d 5d c3 4c 8d 0d 5a 71 42 00 ba d6 03 00 00
0x00007fffe6027b23:   4c 8d 05 5e 71 42 00 48 8d 0d 7f 67 41 00 e8 9a
0x00007fffe6027b33:   7c c8 ff cc cc cc cc cc cc cc cc cc cc 48 89 4c
0x00007fffe6027b43:   24 08 56 57 41 54 41 55 48 83 ec 38 41 8b 40 18
0x00007fffe6027b53:   49 8b f9 4d 8b e8 4c 8b e2 48 8b f1 85 c0 0f 84
0x00007fffe6027b63:   3f 02 00 00 48 89 5c 24 68 48 89 6c 24 30 4c 89
0x00007fffe6027b73:   74 24 28 4c 89 7c 24 20 0f 1f 44 00 00 ff c8 41
0x00007fffe6027b83:   89 45 18 8b c8 49 8b 45 10 4c 8b 3c c8 41 8b 6f
0x00007fffe6027b93:   28 8b dd c1 eb 05 41 3b 1c 24 72 0a 8b d3 49 8b
0x00007fffe6027ba3:   cc e8 b7 96 29 00 49 8b 44 24 08 83 e5 1f 48 8d
0x00007fffe6027bb3:   14 98 40 0f b6 cd 41 b8 01 00 00 00 41 d3 e0 8b
0x00007fffe6027bc3:   0a 8b c1 41 0b c0 89 02 41 85 c8 0f 85 b2 01 00
0x00007fffe6027bd3:   00 41 8b 4f 20 45 33 f6 89 4c 24 70 90 44 3b f1
0x00007fffe6027be3:   0f 83 53 01 00 00 49 8b 5f 10 41 8b c6 41 ff c6
0x00007fffe6027bf3:   48 8b 1c c3 8b 43 28 3b 46 20 73 0d 8b c8 48 8b
0x00007fffe6027c03:   46 28 48 83 3c c8 00 75 39 48 83 7b 10 00 74 32
0x00007fffe6027c13:   8b ae 80 00 00 00 8d 45 01 89 86 80 00 00 00 3b
0x00007fffe6027c23:   6e 70 72 0b 8b d5 48 8d 4e 68 e8 6e 1a 0b 00 48
0x00007fffe6027c33:   8b 46 78 48 8b 74 24 60 8b 4c 24 70 48 89 1c e8
0x00007fffe6027c43:   eb 9b 48 8b 43 08 48 83 38 00 74 72 48 8b 03 48
0x00007fffe6027c53:   8b cb ff 50 10 84 c0 75 0a 8b 43 2c 83 e0 0f 3c
0x00007fffe6027c63:   0c 75 5b 8b 4b 28 8b c1 c1 e8 05 41 3b 04 24 73
0x00007fffe6027c73:   1c 83 e1 1f 8b d1 8b c8 49 8b 44 24 08 8b 0c 88
0x00007fffe6027c83:   0f a3 d1 8b 4c 24 70 0f 82 50 ff ff ff 41 8b 75
0x00007fffe6027c93:   18 8d 46 01 41 89 45 18 41 3b 75 08 72 0a 8b d6
0x00007fffe6027ca3:   49 8b cd e8 f5 19 0b 00 49 8b 45 10 8b 4c 24 70
0x00007fffe6027cb3:   48 89 1c f0 48 8b 74 24 60 e9 1f ff ff ff 8b 6b
0x00007fffe6027cc3:   28 8b f5 c1 ee 05 41 3b 34 24 72 0a 8b d6 49 8b
0x00007fffe6027cd3:   cc e8 87 95 29 00 49 8b 44 24 08 83 e5 1f 48 8d
0x00007fffe6027ce3:   14 b0 40 0f b6 cd 48 8b 74 24 60 41 b8 01 00 00 


Stack slot to memory mapping:

stack at sp + 0 slots: 0x0000000000000011 is an unknown value
stack at sp + 1 slots: 0x0000000000000800 is an unknown value
stack at sp + 2 slots: 0x0000006ccc6fc100 is pointing into the stack for thread: 0x000002061afab620
stack at sp + 3 slots: 0x0000006ccc6fc0e0 is pointing into the stack for thread: 0x000002061afab620
stack at sp + 4 slots: 0x000002061b02ed80 points into unknown readable memory: 0x00007fffe642d1b0 | b0 d1 42 e6 ff 7f 00 00
stack at sp + 5 slots: 0x0 is null
stack at sp + 6 slots: 0x0000006ccc6fc1b0 is pointing into the stack for thread: 0x000002061afab620
stack at sp + 7 slots: 0x000002061afaf200 points into unknown readable memory: 0x0000020618bf0150 | 50 01 bf 18 06 02 00 00


---------------  P R O C E S S  ---------------

Threads class SMR info:
_java_thread_list=0x000002067bbdf6a0, length=47, elements={
0x000002061b030950, 0x000002061af97fe0, 0x000002061af9de30, 0x000002061afa4930,
0x000002061afa5380, 0x000002061afa6570, 0x000002061afa6d00, 0x000002061afab620,
0x000002061afb0770, 0x000002061b095f00, 0x00000206745a4eb0, 0x0000020679016bc0,
0x000002067906ff00, 0x00000206743a5fa0, 0x00000206743a7160, 0x0000020674e110d0,
0x000002067451b6a0, 0x0000020674e0ad40, 0x0000020674e0b3d0, 0x0000020674e0ba60,
0x0000020674e0a6b0, 0x0000020674e0ce10, 0x0000020674e0c780, 0x000002067b42dc90,
0x000002067b42f040, 0x000002067b431110, 0x000002067b4317a0, 0x000002067b42e320,
0x000002067b431e30, 0x000002067b42e9b0, 0x000002067b4324c0, 0x000002067b432b50,
0x000002067b42fd60, 0x000002067b4303f0, 0x000002067b42f6d0, 0x000002067b4331e0,
0x000002067b433870, 0x000002067b433f00, 0x000002067b4352b0, 0x000002067c9744b0,
0x000002067c975ef0, 0x000002067c9772a0, 0x000002067c973e20, 0x000002067c977fc0,
0x000002067c9751d0, 0x000002067b16c790, 0x000002067b16b9f0
}

Java Threads: ( => current thread )
  0x000002061b030950 JavaThread "main"                              [_thread_blocked, id=12200, stack(0x0000006ccbc00000,0x0000006ccbd00000) (1024K)]
  0x000002061af97fe0 JavaThread "Reference Handler"          daemon [_thread_blocked, id=7556, stack(0x0000006ccc000000,0x0000006ccc100000) (1024K)]
  0x000002061af9de30 JavaThread "Finalizer"                  daemon [_thread_blocked, id=11028, stack(0x0000006ccc100000,0x0000006ccc200000) (1024K)]
  0x000002061afa4930 JavaThread "Signal Dispatcher"          daemon [_thread_blocked, id=14528, stack(0x0000006ccc200000,0x0000006ccc300000) (1024K)]
  0x000002061afa5380 JavaThread "Attach Listener"            daemon [_thread_blocked, id=15216, stack(0x0000006ccc300000,0x0000006ccc400000) (1024K)]
  0x000002061afa6570 JavaThread "Service Thread"             daemon [_thread_blocked, id=14728, stack(0x0000006ccc400000,0x0000006ccc500000) (1024K)]
  0x000002061afa6d00 JavaThread "Monitor Deflation Thread"   daemon [_thread_blocked, id=17880, stack(0x0000006ccc500000,0x0000006ccc600000) (1024K)]
=>0x000002061afab620 JavaThread "C2 CompilerThread0"         daemon [_thread_in_native, id=4040, stack(0x0000006ccc600000,0x0000006ccc700000) (1024K)]
  0x000002061afb0770 JavaThread "C1 CompilerThread0"         daemon [_thread_in_vm, id=16400, stack(0x0000006ccc700000,0x0000006ccc800000) (1024K)]
  0x000002061b095f00 JavaThread "Common-Cleaner"             daemon [_thread_blocked, id=10064, stack(0x0000006ccc800000,0x0000006ccc900000) (1024K)]
  0x00000206745a4eb0 JavaThread "Notification Thread"        daemon [_thread_blocked, id=15920, stack(0x0000006ccca00000,0x0000006cccb00000) (1024K)]
  0x0000020679016bc0 JavaThread "Active Thread: Equinox Container: 4c1f5921-1c23-42f8-92dd-7dc899dfc899"        [_thread_blocked, id=3792, stack(0x0000006ccd200000,0x0000006ccd300000) (1024K)]
  0x000002067906ff00 JavaThread "Refresh Thread: Equinox Container: 4c1f5921-1c23-42f8-92dd-7dc899dfc899" daemon [_thread_blocked, id=18088, stack(0x0000006ccc900000,0x0000006ccca00000) (1024K)]
  0x00000206743a5fa0 JavaThread "Framework Event Dispatcher: Equinox Container: 4c1f5921-1c23-42f8-92dd-7dc899dfc899" daemon [_thread_blocked, id=1584, stack(0x0000006ccd300000,0x0000006ccd400000) (1024K)]
  0x00000206743a7160 JavaThread "Start Level: Equinox Container: 4c1f5921-1c23-42f8-92dd-7dc899dfc899" daemon [_thread_blocked, id=15860, stack(0x0000006ccd400000,0x0000006ccd500000) (1024K)]
  0x0000020674e110d0 JavaThread "Bundle File Closer"         daemon [_thread_blocked, id=6036, stack(0x0000006ccd500000,0x0000006ccd600000) (1024K)]
  0x000002067451b6a0 JavaThread "SCR Component Actor"        daemon [_thread_blocked, id=3228, stack(0x0000006ccd600000,0x0000006ccd700000) (1024K)]
  0x0000020674e0ad40 JavaThread "Worker-JM"                         [_thread_blocked, id=5728, stack(0x0000006ccd900000,0x0000006ccda00000) (1024K)]
  0x0000020674e0b3d0 JavaThread "JNA Cleaner"                daemon [_thread_blocked, id=11356, stack(0x0000006ccda00000,0x0000006ccdb00000) (1024K)]
  0x0000020674e0ba60 JavaThread "Worker-0: Publish Diagnostics"        [_thread_in_Java, id=13724, stack(0x0000006ccdb00000,0x0000006ccdc00000) (1024K)]
  0x0000020674e0a6b0 JavaThread "Worker-1"                          [_thread_blocked, id=10688, stack(0x0000006ccdc00000,0x0000006ccdd00000) (1024K)]
  0x0000020674e0ce10 JavaThread "Java indexing"              daemon [_thread_blocked, id=10036, stack(0x0000006ccdd00000,0x0000006ccde00000) (1024K)]
  0x0000020674e0c780 JavaThread "Worker-2: Initialize workspace"        [_thread_in_Java, id=6180, stack(0x0000006cce100000,0x0000006cce200000) (1024K)]
  0x000002067b42dc90 JavaThread "Worker-3"                          [_thread_blocked, id=3460, stack(0x0000006cce200000,0x0000006cce300000) (1024K)]
  0x000002067b42f040 JavaThread "Thread-2"                   daemon [_thread_in_native, id=18032, stack(0x0000006cce300000,0x0000006cce400000) (1024K)]
  0x000002067b431110 JavaThread "Thread-3"                   daemon [_thread_in_native, id=9672, stack(0x0000006cce400000,0x0000006cce500000) (1024K)]
  0x000002067b4317a0 JavaThread "Thread-4"                   daemon [_thread_in_native, id=10004, stack(0x0000006cce500000,0x0000006cce600000) (1024K)]
  0x000002067b42e320 JavaThread "Thread-5"                   daemon [_thread_in_native, id=11480, stack(0x0000006cce600000,0x0000006cce700000) (1024K)]
  0x000002067b431e30 JavaThread "Thread-6"                   daemon [_thread_in_native, id=3360, stack(0x0000006cce700000,0x0000006cce800000) (1024K)]
  0x000002067b42e9b0 JavaThread "Thread-7"                   daemon [_thread_in_native, id=8708, stack(0x0000006cce800000,0x0000006cce900000) (1024K)]
  0x000002067b4324c0 JavaThread "Thread-8"                   daemon [_thread_in_native, id=632, stack(0x0000006cce900000,0x0000006ccea00000) (1024K)]
  0x000002067b432b50 JavaThread "Thread-9"                   daemon [_thread_in_native, id=1068, stack(0x0000006ccea00000,0x0000006cceb00000) (1024K)]
  0x000002067b42fd60 JavaThread "Thread-10"                  daemon [_thread_in_native, id=15884, stack(0x0000006cceb00000,0x0000006ccec00000) (1024K)]
  0x000002067b4303f0 JavaThread "pool-2-thread-1"                   [_thread_blocked, id=18416, stack(0x0000006ccec00000,0x0000006cced00000) (1024K)]
  0x000002067b42f6d0 JavaThread "Worker-4"                          [_thread_blocked, id=13692, stack(0x0000006cced00000,0x0000006ccee00000) (1024K)]
  0x000002067b4331e0 JavaThread "Worker-5: Initialize Workspace"        [_thread_blocked, id=10380, stack(0x0000006ccee00000,0x0000006ccef00000) (1024K)]
  0x000002067b433870 JavaThread "WorkspaceEventsHandler"            [_thread_blocked, id=7944, stack(0x0000006ccef00000,0x0000006ccf000000) (1024K)]
  0x000002067b433f00 JavaThread "pool-1-thread-1"                   [_thread_blocked, id=5048, stack(0x0000006ccf000000,0x0000006ccf100000) (1024K)]
  0x000002067b4352b0 JavaThread "ForkJoinPool.commonPool-worker-1" daemon [_thread_in_vm, id=2268, stack(0x0000006ccf100000,0x0000006ccf200000) (1024K)]
  0x000002067c9744b0 JavaThread "ForkJoinPool.commonPool-worker-2" daemon [_thread_blocked, id=17820, stack(0x0000006ccf200000,0x0000006ccf300000) (1024K)]
  0x000002067c975ef0 JavaThread "ForkJoinPool.commonPool-worker-3" daemon [_thread_blocked, id=3388, stack(0x0000006ccf300000,0x0000006ccf400000) (1024K)]
  0x000002067c9772a0 JavaThread "ForkJoinPool.commonPool-worker-4" daemon [_thread_blocked, id=3020, stack(0x0000006ccd700000,0x0000006ccd800000) (1024K)]
  0x000002067c973e20 JavaThread "ForkJoinPool.commonPool-worker-5" daemon [_thread_in_native, id=15976, stack(0x0000006ccf400000,0x0000006ccf500000) (1024K)]
  0x000002067c977fc0 JavaThread "ForkJoinPool.commonPool-worker-6" daemon [_thread_blocked, id=10316, stack(0x0000006ccf700000,0x0000006ccf800000) (1024K)]
  0x000002067c9751d0 JavaThread "ForkJoinPool.commonPool-worker-7" daemon [_thread_blocked, id=6340, stack(0x0000006ccf800000,0x0000006ccf900000) (1024K)]
  0x000002067b16c790 JavaThread "C2 CompilerThread1"         daemon [_thread_in_native, id=7652, stack(0x0000006ccd800000,0x0000006ccd900000) (1024K)]
  0x000002067b16b9f0 JavaThread "C2 CompilerThread2"         daemon [_thread_in_native, id=10248, stack(0x0000006ccde00000,0x0000006ccdf00000) (1024K)]
Total: 47

Other Threads:
  0x000002061b0c4c30 VMThread "VM Thread"                           [id=10124, stack(0x0000006ccbf00000,0x0000006ccc000000) (1024K)]
  0x000002061aeaca00 WatcherThread "VM Periodic Task Thread"        [id=1916, stack(0x0000006ccbe00000,0x0000006ccbf00000) (1024K)]
  0x000002061b048f00 WorkerThread "GC Thread#0"                     [id=2096, stack(0x0000006ccbd00000,0x0000006ccbe00000) (1024K)]
  0x0000020674aa6090 WorkerThread "GC Thread#1"                     [id=9992, stack(0x0000006cccb00000,0x0000006cccc00000) (1024K)]
  0x0000020674946190 WorkerThread "GC Thread#2"                     [id=4468, stack(0x0000006cccc00000,0x0000006cccd00000) (1024K)]
  0x0000020674946530 WorkerThread "GC Thread#3"                     [id=18260, stack(0x0000006cccd00000,0x0000006ccce00000) (1024K)]
  0x0000020674cf5e60 WorkerThread "GC Thread#4"                     [id=16940, stack(0x0000006ccce00000,0x0000006cccf00000) (1024K)]
  0x0000020674cf6200 WorkerThread "GC Thread#5"                     [id=14652, stack(0x0000006cccf00000,0x0000006ccd000000) (1024K)]
  0x0000020674eb7d60 WorkerThread "GC Thread#6"                     [id=10392, stack(0x0000006ccd000000,0x0000006ccd100000) (1024K)]
  0x0000020679070560 WorkerThread "GC Thread#7"                     [id=11456, stack(0x0000006ccd100000,0x0000006ccd200000) (1024K)]
Total: 10

Threads with active compile tasks:
C2 CompilerThread0  31216 9660 % !   4       org.eclipse.jdt.internal.compiler.classfmt.ClassFileReader::<init> @ 81 (2135 bytes)
C2 CompilerThread1  31216 9562       4       java.util.Properties::load0 (249 bytes)
C2 CompilerThread2  31216 9644 % !   4       org.eclipse.jdt.internal.core.JarPackageFragmentRoot::computeChildren @ 246 (605 bytes)
Total: 3

VM state: not at safepoint (normal execution)

VM Mutex/Monitor currently owned by a thread: None

Heap address: 0x0000000080000000, size: 2048 MB, Compressed Oops mode: 32-bit

CDS archive(s) mapped at: [0x0000020632000000-0x0000020632ba0000-0x0000020632ba0000), size 12189696, SharedBaseAddress: 0x0000020632000000, ArchiveRelocationMode: 1.
Compressed class space mapped at: 0x0000020633000000-0x0000020673000000, reserved size: 1073741824
Narrow klass base: 0x0000020632000000, Narrow klass shift: 0, Narrow klass range: 0x100000000

GC Precious Log:
 CardTable entry size: 512
 CPUs: 8 total, 8 available
 Memory: 8013M
 Large Page Support: Disabled
 NUMA Support: Disabled
 Compressed Oops: Enabled (32-bit)
 Alignments: Space 512K, Generation 512K, Heap 2M
 Heap Min Capacity: 100M
 Heap Initial Capacity: 100M
 Heap Max Capacity: 2G
 Pre-touch: Disabled
 Parallel Workers: 8

Heap:
 PSYoungGen      total 14336K, used 10649K [0x00000000d5580000, 0x00000000d6880000, 0x0000000100000000)
  eden space 13824K, 74% used [0x00000000d5580000,0x00000000d5f7e140,0x00000000d6300000)
  from space 512K, 87% used [0x00000000d6800000,0x00000000d6870000,0x00000000d6880000)
  to   space 512K, 0% used [0x00000000d6780000,0x00000000d6780000,0x00000000d6800000)
 ParOldGen       total 120320K, used 119877K [0x0000000080000000, 0x0000000087580000, 0x00000000d5580000)
  object space 120320K, 99% used [0x0000000080000000,0x0000000087511758,0x0000000087580000)
 Metaspace       used 60278K, committed 61760K, reserved 1114112K
  class space    used 6244K, committed 6912K, reserved 1048576K

Card table byte_map: [0x000002061a9c0000,0x000002061add0000] _byte_map_base: 0x000002061a5c0000

Marking Bits: (ParMarkBitMap*) 0x00007fffe66e31f0
 Begin Bits: [0x000002062d4c0000, 0x000002062f4c0000)
 End Bits:   [0x000002062f4c0000, 0x00000206314c0000)

Polling page: 0x0000020618e80000

Metaspace:

Usage:
  Non-class:     52.77 MB used.
      Class:      6.10 MB used.
       Both:     58.87 MB used.

Virtual space:
  Non-class space:       64.00 MB reserved,      53.56 MB ( 84%) committed,  1 nodes.
      Class space:        1.00 GB reserved,       6.75 MB ( <1%) committed,  1 nodes.
             Both:        1.06 GB reserved,      60.31 MB (  6%) committed. 

Chunk freelists:
   Non-Class:  10.25 MB
       Class:  9.30 MB
        Both:  19.55 MB

MaxMetaspaceSize: unlimited
CompressedClassSpaceSize: 1.00 GB
Initial GC threshold: 21.00 MB
Current GC threshold: 97.31 MB
CDS: on
 - commit_granule_bytes: 65536.
 - commit_granule_words: 8192.
 - virtual_space_node_default_size: 8388608.
 - enlarge_chunks_in_place: 1.
 - use_allocation_guard: 0.


Internal statistics:

num_allocs_failed_limit: 9.
num_arena_births: 1148.
num_arena_deaths: 14.
num_vsnodes_births: 2.
num_vsnodes_deaths: 0.
num_space_committed: 965.
num_space_uncommitted: 0.
num_chunks_returned_to_freelist: 23.
num_chunks_taken_from_freelist: 3907.
num_chunk_merges: 13.
num_chunk_splits: 2442.
num_chunks_enlarged: 1392.
num_inconsistent_stats: 0.

CodeHeap 'non-profiled nmethods': size=120000Kb used=6215Kb max_used=6215Kb free=113784Kb
 bounds [0x0000020625ce0000, 0x0000020626300000, 0x000002062d210000]
CodeHeap 'profiled nmethods': size=120000Kb used=19709Kb max_used=19709Kb free=100290Kb
 bounds [0x000002061e210000, 0x000002061f550000, 0x0000020625740000]
CodeHeap 'non-nmethods': size=5760Kb used=1421Kb max_used=1506Kb free=4338Kb
 bounds [0x0000020625740000, 0x00000206259b0000, 0x0000020625ce0000]
 total_blobs=9675 nmethods=8940 adapters=641
 compilation: enabled
              stopped_count=0, restarted_count=0
 full_count=0

Compilation events (20 events):
Event: 31.009 Thread 0x000002061afb0770 9681       3       org.eclipse.aether.internal.impl.collect.CollectStepDataImpl::<init> (38 bytes)
Event: 31.009 Thread 0x000002061afb0770 nmethod 9681 0x000002061f52fc90 code [0x000002061f52fea0, 0x000002061f530560]
Event: 31.009 Thread 0x000002061afb0770 9680       3       org.eclipse.aether.util.graph.selector.OptionalDependencySelector::selectDependency (28 bytes)
Event: 31.010 Thread 0x000002061afb0770 nmethod 9680 0x000002061f530790 code [0x000002061f530980, 0x000002061f530ef0]
Event: 31.024 Thread 0x000002061afb0770 9682       3       java.lang.ThreadLocal$ThreadLocalMap::expungeStaleEntry (146 bytes)
Event: 31.025 Thread 0x000002061afb0770 nmethod 9682 0x000002061f531090 code [0x000002061f5312c0, 0x000002061f531f00]
Event: 31.026 Thread 0x000002061afb0770 9683       3       org.eclipse.jdt.internal.core.util.LRUCache$LRUCacheEntry::<init> (20 bytes)
Event: 31.026 Thread 0x000002061afb0770 nmethod 9683 0x000002061f532290 code [0x000002061f532440, 0x000002061f5325e0]
Event: 31.035 Thread 0x000002061afb0770 9685       3       org.eclipse.jdt.internal.core.util.Util::indexOfJavaLikeExtension (116 bytes)
Event: 31.037 Thread 0x000002061afb0770 nmethod 9685 0x000002061f532690 code [0x000002061f532940, 0x000002061f533788]
Event: 31.037 Thread 0x000002061afb0770 9684       3       org.eclipse.jdt.internal.core.util.Util::getJavaLikeExtensions (213 bytes)
Event: 31.043 Thread 0x000002061afb0770 nmethod 9684 0x000002061f533e90 code [0x000002061f5342a0, 0x000002061f536388]
Event: 31.077 Thread 0x000002061afb0770 9686       3       org.apache.maven.model.merge.ModelMerger::mergePlugin (64 bytes)
Event: 31.077 Thread 0x000002061afb0770 nmethod 9686 0x000002061f536f10 code [0x000002061f537120, 0x000002061f537800]
Event: 31.099 Thread 0x000002061afb0770 9687   !   3       org.eclipse.jdt.internal.core.util.Util::getJdkLevel (220 bytes)
Event: 31.102 Thread 0x000002061afb0770 nmethod 9687 0x000002061f537990 code [0x000002061f537e80, 0x000002061f53a4d8]
Event: 31.107 Thread 0x000002061afb0770 9688       3       org.eclipse.core.runtime.Status::isOK (11 bytes)
Event: 31.107 Thread 0x000002061afb0770 nmethod 9688 0x000002061f53b690 code [0x000002061f53b840, 0x000002061f53b9b0]
Event: 31.117 Thread 0x000002061afb0770 9689       3       org.eclipse.jdt.internal.core.util.Util::isJavaLikeFileName (18 bytes)
Event: 31.119 Thread 0x000002061afb0770 nmethod 9689 0x000002061f53ba90 code [0x000002061f53bc40, 0x000002061f53be18]

GC Heap History (20 events):
Event: 30.636 GC heap before
{Heap before GC invocations=86 (full 3):
 PSYoungGen      total 14848K, used 14829K [0x00000000d5580000, 0x00000000d6b00000, 0x0000000100000000)
  eden space 13824K, 100% used [0x00000000d5580000,0x00000000d6300000,0x00000000d6300000)
  from space 1024K, 98% used [0x00000000d6a00000,0x00000000d6afb770,0x00000000d6b00000)
  to   space 2560K, 0% used [0x00000000d6600000,0x00000000d6600000,0x00000000d6880000)
 ParOldGen       total 115200K, used 114831K [0x0000000080000000, 0x0000000087080000, 0x00000000d5580000)
  object space 115200K, 99% used [0x0000000080000000,0x0000000087023d98,0x0000000087080000)
 Metaspace       used 60163K, committed 61696K, reserved 1114112K
  class space    used 6239K, committed 6912K, reserved 1048576K
}
Event: 30.638 GC heap after
{Heap after GC invocations=86 (full 3):
 PSYoungGen      total 16384K, used 642K [0x00000000d5580000, 0x00000000d6a80000, 0x0000000100000000)
  eden space 13824K, 0% used [0x00000000d5580000,0x00000000d5580000,0x00000000d6300000)
  from space 2560K, 25% used [0x00000000d6600000,0x00000000d66a0940,0x00000000d6880000)
  to   space 1536K, 0% used [0x00000000d6900000,0x00000000d6900000,0x00000000d6a80000)
 ParOldGen       total 115712K, used 115302K [0x0000000080000000, 0x0000000087100000, 0x00000000d5580000)
  object space 115712K, 99% used [0x0000000080000000,0x0000000087099a68,0x0000000087100000)
 Metaspace       used 60163K, committed 61696K, reserved 1114112K
  class space    used 6239K, committed 6912K, reserved 1048576K
}
Event: 30.750 GC heap before
{Heap before GC invocations=87 (full 3):
 PSYoungGen      total 16384K, used 14466K [0x00000000d5580000, 0x00000000d6a80000, 0x0000000100000000)
  eden space 13824K, 100% used [0x00000000d5580000,0x00000000d6300000,0x00000000d6300000)
  from space 2560K, 25% used [0x00000000d6600000,0x00000000d66a0940,0x00000000d6880000)
  to   space 1536K, 0% used [0x00000000d6900000,0x00000000d6900000,0x00000000d6a80000)
 ParOldGen       total 115712K, used 115302K [0x0000000080000000, 0x0000000087100000, 0x00000000d5580000)
  object space 115712K, 99% used [0x0000000080000000,0x0000000087099a68,0x0000000087100000)
 Metaspace       used 60202K, committed 61696K, reserved 1114112K
  class space    used 6241K, committed 6912K, reserved 1048576K
}
Event: 30.753 GC heap after
{Heap after GC invocations=87 (full 3):
 PSYoungGen      total 14848K, used 944K [0x00000000d5580000, 0x00000000d6a00000, 0x0000000100000000)
  eden space 13824K, 0% used [0x00000000d5580000,0x00000000d5580000,0x00000000d6300000)
  from space 1024K, 92% used [0x00000000d6900000,0x00000000d69ec1c0,0x00000000d6a00000)
  to   space 1024K, 0% used [0x00000000d6800000,0x00000000d6800000,0x00000000d6900000)
 ParOldGen       total 116224K, used 115747K [0x0000000080000000, 0x0000000087180000, 0x00000000d5580000)
  object space 116224K, 99% used [0x0000000080000000,0x0000000087108f30,0x0000000087180000)
 Metaspace       used 60202K, committed 61696K, reserved 1114112K
  class space    used 6241K, committed 6912K, reserved 1048576K
}
Event: 30.783 GC heap before
{Heap before GC invocations=88 (full 3):
 PSYoungGen      total 14848K, used 14768K [0x00000000d5580000, 0x00000000d6a00000, 0x0000000100000000)
  eden space 13824K, 100% used [0x00000000d5580000,0x00000000d6300000,0x00000000d6300000)
  from space 1024K, 92% used [0x00000000d6900000,0x00000000d69ec1c0,0x00000000d6a00000)
  to   space 1024K, 0% used [0x00000000d6800000,0x00000000d6800000,0x00000000d6900000)
 ParOldGen       total 116224K, used 115747K [0x0000000080000000, 0x0000000087180000, 0x00000000d5580000)
  object space 116224K, 99% used [0x0000000080000000,0x0000000087108f30,0x0000000087180000)
 Metaspace       used 60206K, committed 61696K, reserved 1114112K
  class space    used 6241K, committed 6912K, reserved 1048576K
}
Event: 30.785 GC heap after
{Heap after GC invocations=88 (full 3):
 PSYoungGen      total 14336K, used 416K [0x00000000d5580000, 0x00000000d6980000, 0x0000000100000000)
  eden space 13824K, 0% used [0x00000000d5580000,0x00000000d5580000,0x00000000d6300000)
  from space 512K, 81% used [0x00000000d6800000,0x00000000d6868000,0x00000000d6880000)
  to   space 1024K, 0% used [0x00000000d6880000,0x00000000d6880000,0x00000000d6980000)
 ParOldGen       total 116736K, used 116502K [0x0000000080000000, 0x0000000087200000, 0x00000000d5580000)
  object space 116736K, 99% used [0x0000000080000000,0x00000000871c59f0,0x0000000087200000)
 Metaspace       used 60206K, committed 61696K, reserved 1114112K
  class space    used 6241K, committed 6912K, reserved 1048576K
}
Event: 30.809 GC heap before
{Heap before GC invocations=89 (full 3):
 PSYoungGen      total 14336K, used 14240K [0x00000000d5580000, 0x00000000d6980000, 0x0000000100000000)
  eden space 13824K, 100% used [0x00000000d5580000,0x00000000d6300000,0x00000000d6300000)
  from space 512K, 81% used [0x00000000d6800000,0x00000000d6868000,0x00000000d6880000)
  to   space 1024K, 0% used [0x00000000d6880000,0x00000000d6880000,0x00000000d6980000)
 ParOldGen       total 116736K, used 116502K [0x0000000080000000, 0x0000000087200000, 0x00000000d5580000)
  object space 116736K, 99% used [0x0000000080000000,0x00000000871c59f0,0x0000000087200000)
 Metaspace       used 60206K, committed 61696K, reserved 1114112K
  class space    used 6241K, committed 6912K, reserved 1048576K
}
Event: 30.810 GC heap after
{Heap after GC invocations=89 (full 3):
 PSYoungGen      total 14336K, used 384K [0x00000000d5580000, 0x00000000d6900000, 0x0000000100000000)
  eden space 13824K, 0% used [0x00000000d5580000,0x00000000d5580000,0x00000000d6300000)
  from space 512K, 75% used [0x00000000d6880000,0x00000000d68e0000,0x00000000d6900000)
  to   space 512K, 0% used [0x00000000d6800000,0x00000000d6800000,0x00000000d6880000)
 ParOldGen       total 117248K, used 116783K [0x0000000080000000, 0x0000000087280000, 0x00000000d5580000)
  object space 117248K, 99% used [0x0000000080000000,0x000000008720be78,0x0000000087280000)
 Metaspace       used 60206K, committed 61696K, reserved 1114112K
  class space    used 6241K, committed 6912K, reserved 1048576K
}
Event: 30.836 GC heap before
{Heap before GC invocations=90 (full 3):
 PSYoungGen      total 14336K, used 14208K [0x00000000d5580000, 0x00000000d6900000, 0x0000000100000000)
  eden space 13824K, 100% used [0x00000000d5580000,0x00000000d6300000,0x00000000d6300000)
  from space 512K, 75% used [0x00000000d6880000,0x00000000d68e0000,0x00000000d6900000)
  to   space 512K, 0% used [0x00000000d6800000,0x00000000d6800000,0x00000000d6880000)
 ParOldGen       total 117248K, used 116783K [0x0000000080000000, 0x0000000087280000, 0x00000000d5580000)
  object space 117248K, 99% used [0x0000000080000000,0x000000008720be78,0x0000000087280000)
 Metaspace       used 60206K, committed 61696K, reserved 1114112K
  class space    used 6241K, committed 6912K, reserved 1048576K
}
Event: 30.837 GC heap after
{Heap after GC invocations=90 (full 3):
 PSYoungGen      total 14336K, used 480K [0x00000000d5580000, 0x00000000d6900000, 0x0000000100000000)
  eden space 13824K, 0% used [0x00000000d5580000,0x00000000d5580000,0x00000000d6300000)
  from space 512K, 93% used [0x00000000d6800000,0x00000000d6878000,0x00000000d6880000)
  to   space 512K, 0% used [0x00000000d6880000,0x00000000d6880000,0x00000000d6900000)
 ParOldGen       total 117248K, used 117063K [0x0000000080000000, 0x0000000087280000, 0x00000000d5580000)
  object space 117248K, 99% used [0x0000000080000000,0x0000000087251e78,0x0000000087280000)
 Metaspace       used 60206K, committed 61696K, reserved 1114112K
  class space    used 6241K, committed 6912K, reserved 1048576K
}
Event: 30.880 GC heap before
{Heap before GC invocations=91 (full 3):
 PSYoungGen      total 14336K, used 14304K [0x00000000d5580000, 0x00000000d6900000, 0x0000000100000000)
  eden space 13824K, 100% used [0x00000000d5580000,0x00000000d6300000,0x00000000d6300000)
  from space 512K, 93% used [0x00000000d6800000,0x00000000d6878000,0x00000000d6880000)
  to   space 512K, 0% used [0x00000000d6880000,0x00000000d6880000,0x00000000d6900000)
 ParOldGen       total 117248K, used 117063K [0x0000000080000000, 0x0000000087280000, 0x00000000d5580000)
  object space 117248K, 99% used [0x0000000080000000,0x0000000087251e78,0x0000000087280000)
 Metaspace       used 60208K, committed 61696K, reserved 1114112K
  class space    used 6241K, committed 6912K, reserved 1048576K
}
Event: 30.881 GC heap after
{Heap after GC invocations=91 (full 3):
 PSYoungGen      total 14336K, used 512K [0x00000000d5580000, 0x00000000d6900000, 0x0000000100000000)
  eden space 13824K, 0% used [0x00000000d5580000,0x00000000d5580000,0x00000000d6300000)
  from space 512K, 100% used [0x00000000d6880000,0x00000000d6900000,0x00000000d6900000)
  to   space 1024K, 0% used [0x00000000d6700000,0x00000000d6700000,0x00000000d6800000)
 ParOldGen       total 117760K, used 117471K [0x0000000080000000, 0x0000000087300000, 0x00000000d5580000)
  object space 117760K, 99% used [0x0000000080000000,0x00000000872b7e78,0x0000000087300000)
 Metaspace       used 60208K, committed 61696K, reserved 1114112K
  class space    used 6241K, committed 6912K, reserved 1048576K
}
Event: 30.902 GC heap before
{Heap before GC invocations=92 (full 3):
 PSYoungGen      total 14336K, used 14336K [0x00000000d5580000, 0x00000000d6900000, 0x0000000100000000)
  eden space 13824K, 100% used [0x00000000d5580000,0x00000000d6300000,0x00000000d6300000)
  from space 512K, 100% used [0x00000000d6880000,0x00000000d6900000,0x00000000d6900000)
  to   space 1024K, 0% used [0x00000000d6700000,0x00000000d6700000,0x00000000d6800000)
 ParOldGen       total 117760K, used 117471K [0x0000000080000000, 0x0000000087300000, 0x00000000d5580000)
  object space 117760K, 99% used [0x0000000080000000,0x00000000872b7e78,0x0000000087300000)
 Metaspace       used 60210K, committed 61696K, reserved 1114112K
  class space    used 6241K, committed 6912K, reserved 1048576K
}
Event: 30.904 GC heap after
{Heap after GC invocations=92 (full 3):
 PSYoungGen      total 14848K, used 960K [0x00000000d5580000, 0x00000000d6900000, 0x0000000100000000)
  eden space 13824K, 0% used [0x00000000d5580000,0x00000000d5580000,0x00000000d6300000)
  from space 1024K, 93% used [0x00000000d6700000,0x00000000d67f0000,0x00000000d6800000)
  to   space 1024K, 0% used [0x00000000d6800000,0x00000000d6800000,0x00000000d6900000)
 ParOldGen       total 118272K, used 117897K [0x0000000080000000, 0x0000000087380000, 0x00000000d5580000)
  object space 118272K, 99% used [0x0000000080000000,0x0000000087322738,0x0000000087380000)
 Metaspace       used 60210K, committed 61696K, reserved 1114112K
  class space    used 6241K, committed 6912K, reserved 1048576K
}
Event: 30.934 GC heap before
{Heap before GC invocations=93 (full 3):
 PSYoungGen      total 14848K, used 14784K [0x00000000d5580000, 0x00000000d6900000, 0x0000000100000000)
  eden space 13824K, 100% used [0x00000000d5580000,0x00000000d6300000,0x00000000d6300000)
  from space 1024K, 93% used [0x00000000d6700000,0x00000000d67f0000,0x00000000d6800000)
  to   space 1024K, 0% used [0x00000000d6800000,0x00000000d6800000,0x00000000d6900000)
 ParOldGen       total 118272K, used 117897K [0x0000000080000000, 0x0000000087380000, 0x00000000d5580000)
  object space 118272K, 99% used [0x0000000080000000,0x0000000087322738,0x0000000087380000)
 Metaspace       used 60213K, committed 61696K, reserved 1114112K
  class space    used 6241K, committed 6912K, reserved 1048576K
}
Event: 30.936 GC heap after
{Heap after GC invocations=93 (full 3):
 PSYoungGen      total 14336K, used 480K [0x00000000d5580000, 0x00000000d6880000, 0x0000000100000000)
  eden space 13824K, 0% used [0x00000000d5580000,0x00000000d5580000,0x00000000d6300000)
  from space 512K, 93% used [0x00000000d6800000,0x00000000d6878000,0x00000000d6880000)
  to   space 1024K, 0% used [0x00000000d6680000,0x00000000d6680000,0x00000000d6780000)
 ParOldGen       total 118784K, used 118745K [0x0000000080000000, 0x0000000087400000, 0x00000000d5580000)
  object space 118784K, 99% used [0x0000000080000000,0x00000000873f6748,0x0000000087400000)
 Metaspace       used 60213K, committed 61696K, reserved 1114112K
  class space    used 6241K, committed 6912K, reserved 1048576K
}
Event: 30.977 GC heap before
{Heap before GC invocations=94 (full 3):
 PSYoungGen      total 14336K, used 14304K [0x00000000d5580000, 0x00000000d6880000, 0x0000000100000000)
  eden space 13824K, 100% used [0x00000000d5580000,0x00000000d6300000,0x00000000d6300000)
  from space 512K, 93% used [0x00000000d6800000,0x00000000d6878000,0x00000000d6880000)
  to   space 1024K, 0% used [0x00000000d6680000,0x00000000d6680000,0x00000000d6780000)
 ParOldGen       total 118784K, used 118745K [0x0000000080000000, 0x0000000087400000, 0x00000000d5580000)
  object space 118784K, 99% used [0x0000000080000000,0x00000000873f6748,0x0000000087400000)
 Metaspace       used 60226K, committed 61696K, reserved 1114112K
  class space    used 6241K, committed 6912K, reserved 1048576K
}
Event: 30.979 GC heap after
{Heap after GC invocations=94 (full 3):
 PSYoungGen      total 14848K, used 448K [0x00000000d5580000, 0x00000000d6880000, 0x0000000100000000)
  eden space 13824K, 0% used [0x00000000d5580000,0x00000000d5580000,0x00000000d6300000)
  from space 1024K, 43% used [0x00000000d6680000,0x00000000d66f0000,0x00000000d6780000)
  to   space 512K, 0% used [0x00000000d6800000,0x00000000d6800000,0x00000000d6880000)
 ParOldGen       total 119296K, used 119089K [0x0000000080000000, 0x0000000087480000, 0x00000000d5580000)
  object space 119296K, 99% used [0x0000000080000000,0x000000008744c748,0x0000000087480000)
 Metaspace       used 60226K, committed 61696K, reserved 1114112K
  class space    used 6241K, committed 6912K, reserved 1048576K
}
Event: 31.038 GC heap before
{Heap before GC invocations=95 (full 3):
 PSYoungGen      total 14848K, used 14272K [0x00000000d5580000, 0x00000000d6880000, 0x0000000100000000)
  eden space 13824K, 100% used [0x00000000d5580000,0x00000000d6300000,0x00000000d6300000)
  from space 1024K, 43% used [0x00000000d6680000,0x00000000d66f0000,0x00000000d6780000)
  to   space 512K, 0% used [0x00000000d6800000,0x00000000d6800000,0x00000000d6880000)
 ParOldGen       total 119296K, used 119089K [0x0000000080000000, 0x0000000087480000, 0x00000000d5580000)
  object space 119296K, 99% used [0x0000000080000000,0x000000008744c748,0x0000000087480000)
 Metaspace       used 60232K, committed 61760K, reserved 1114112K
  class space    used 6241K, committed 6912K, reserved 1048576K
}
Event: 31.041 GC heap after
{Heap after GC invocations=95 (full 3):
 PSYoungGen      total 14336K, used 416K [0x00000000d5580000, 0x00000000d6880000, 0x0000000100000000)
  eden space 13824K, 0% used [0x00000000d5580000,0x00000000d5580000,0x00000000d6300000)
  from space 512K, 81% used [0x00000000d6800000,0x00000000d6868000,0x00000000d6880000)
  to   space 512K, 0% used [0x00000000d6780000,0x00000000d6780000,0x00000000d6800000)
 ParOldGen       total 119808K, used 119385K [0x0000000080000000, 0x0000000087500000, 0x00000000d5580000)
  object space 119808K, 99% used [0x0000000080000000,0x0000000087496748,0x0000000087500000)
 Metaspace       used 60232K, committed 61760K, reserved 1114112K
  class space    used 6241K, committed 6912K, reserved 1048576K
}

Dll operation events (10 events):
Event: 0.016 Loaded shared library c:\Users\afons\.vscode\extensions\redhat.java-1.43.1-win32-x64\jre\21.0.7-win32-x86_64\bin\java.dll
Event: 0.134 Loaded shared library c:\Users\afons\.vscode\extensions\redhat.java-1.43.1-win32-x64\jre\21.0.7-win32-x86_64\bin\zip.dll
Event: 0.166 Loaded shared library C:\Users\afons\.vscode\extensions\redhat.java-1.43.1-win32-x64\jre\21.0.7-win32-x86_64\bin\instrument.dll
Event: 0.172 Loaded shared library C:\Users\afons\.vscode\extensions\redhat.java-1.43.1-win32-x64\jre\21.0.7-win32-x86_64\bin\net.dll
Event: 0.175 Loaded shared library C:\Users\afons\.vscode\extensions\redhat.java-1.43.1-win32-x64\jre\21.0.7-win32-x86_64\bin\nio.dll
Event: 0.180 Loaded shared library C:\Users\afons\.vscode\extensions\redhat.java-1.43.1-win32-x64\jre\21.0.7-win32-x86_64\bin\zip.dll
Event: 0.209 Loaded shared library C:\Users\afons\.vscode\extensions\redhat.java-1.43.1-win32-x64\jre\21.0.7-win32-x86_64\bin\jimage.dll
Event: 0.345 Loaded shared library c:\Users\afons\.vscode\extensions\redhat.java-1.43.1-win32-x64\jre\21.0.7-win32-x86_64\bin\verify.dll
Event: 7.058 Loaded shared library C:\Users\afons\AppData\Roaming\Code\User\globalStorage\redhat.java\1.43.1\config_win\org.eclipse.equinox.launcher\org.eclipse.equinox.launcher.win32.win32.x86_64_1.2.1300.v20250331-1702\eclipse_11911.dll
Event: 18.572 Loaded shared library C:\Users\afons\AppData\Local\Temp\jna-92730415\jna12116971359456134700.dll

Deoptimization events (20 events):
Event: 30.643 Thread 0x000002067b4352b0 DEOPT PACKING pc=0x00000206262e6ec0 sp=0x0000006ccf1fdd10
Event: 30.643 Thread 0x000002067b4352b0 DEOPT UNPACKING pc=0x0000020625793aa2 sp=0x0000006ccf1fdb90 mode 2
Event: 30.643 Thread 0x000002067b4352b0 Uncommon trap: trap_request=0xffffffd6 fr.pc=0x00000206262e6ec0 relative=0x00000000000006a0
Event: 30.643 Thread 0x000002067b4352b0 Uncommon trap: reason=array_check action=maybe_recompile pc=0x00000206262e6ec0 method=java.util.ImmutableCollections$List12.toArray([Ljava/lang/Object;)[Ljava/lang/Object; @ 36 c2
Event: 30.643 Thread 0x000002067b4352b0 DEOPT PACKING pc=0x00000206262e6ec0 sp=0x0000006ccf1fdd10
Event: 30.643 Thread 0x000002067b4352b0 DEOPT UNPACKING pc=0x0000020625793aa2 sp=0x0000006ccf1fdb90 mode 2
Event: 30.645 Thread 0x000002067c973e20 Uncommon trap: trap_request=0xffffffd6 fr.pc=0x00000206262e6ec0 relative=0x00000000000006a0
Event: 30.645 Thread 0x000002067c973e20 Uncommon trap: reason=array_check action=maybe_recompile pc=0x00000206262e6ec0 method=java.util.ImmutableCollections$List12.toArray([Ljava/lang/Object;)[Ljava/lang/Object; @ 36 c2
Event: 30.645 Thread 0x000002067c973e20 DEOPT PACKING pc=0x00000206262e6ec0 sp=0x0000006ccf4fd960
Event: 30.645 Thread 0x000002067c973e20 DEOPT UNPACKING pc=0x0000020625793aa2 sp=0x0000006ccf4fd7e0 mode 2
Event: 30.645 Thread 0x000002067c973e20 Uncommon trap: trap_request=0xffffffd6 fr.pc=0x00000206262e6ec0 relative=0x00000000000006a0
Event: 30.645 Thread 0x000002067c973e20 Uncommon trap: reason=array_check action=maybe_recompile pc=0x00000206262e6ec0 method=java.util.ImmutableCollections$List12.toArray([Ljava/lang/Object;)[Ljava/lang/Object; @ 36 c2
Event: 30.645 Thread 0x000002067c973e20 DEOPT PACKING pc=0x00000206262e6ec0 sp=0x0000006ccf4fd960
Event: 30.645 Thread 0x000002067c973e20 DEOPT UNPACKING pc=0x0000020625793aa2 sp=0x0000006ccf4fd7e0 mode 2
Event: 30.684 Thread 0x000002067c97a720 DEOPT PACKING pc=0x000002061f4a3d45 sp=0x0000006ccf6fdf30
Event: 30.684 Thread 0x000002067c97a720 DEOPT UNPACKING pc=0x0000020625794242 sp=0x0000006ccf6fd548 mode 0
Event: 30.729 Thread 0x0000020674e0ba60 Uncommon trap: trap_request=0xffffff6e fr.pc=0x00000206262e9068 relative=0x00000000000001a8
Event: 30.729 Thread 0x0000020674e0ba60 Uncommon trap: reason=loop_limit_check action=maybe_recompile pc=0x00000206262e9068 method=org.eclipse.jdt.internal.core.util.HashtableOfArrayToObject.hashCode([Ljava/lang/Object;I)I @ 27 c2
Event: 30.729 Thread 0x0000020674e0ba60 DEOPT PACKING pc=0x00000206262e9068 sp=0x0000006ccdbfe760
Event: 30.729 Thread 0x0000020674e0ba60 DEOPT UNPACKING pc=0x0000020625793aa2 sp=0x0000006ccdbfe6e8 mode 2

Classes loaded (20 events):
Event: 25.086 Loading class com/sun/crypto/provider/FeedbackCipher done
Event: 25.086 Loading class com/sun/crypto/provider/ElectronicCodeBook done
Event: 25.091 Loading class com/sun/crypto/provider/PKCS5Padding
Event: 25.091 Loading class com/sun/crypto/provider/Padding
Event: 25.091 Loading class com/sun/crypto/provider/Padding done
Event: 25.091 Loading class com/sun/crypto/provider/PKCS5Padding done
Event: 25.092 Loading class com/sun/crypto/provider/CipherBlockChaining
Event: 25.092 Loading class com/sun/crypto/provider/CipherBlockChaining done
Event: 25.093 Loading class javax/crypto/NullCipher
Event: 25.094 Loading class javax/crypto/NullCipher done
Event: 25.094 Loading class sun/security/util/ArrayUtil
Event: 25.095 Loading class sun/security/util/ArrayUtil done
Event: 25.149 Loading class java/util/concurrent/ForkJoinTask$AdaptedCallable
Event: 25.150 Loading class java/util/concurrent/ForkJoinTask$AdaptedCallable done
Event: 25.180 Loading class java/util/zip/CheckedInputStream
Event: 25.180 Loading class java/util/zip/CheckedInputStream done
Event: 25.191 Loading class java/lang/UnsupportedClassVersionError
Event: 25.191 Loading class java/lang/UnsupportedClassVersionError done
Event: 25.313 Loading class java/util/zip/GZIPInputStream$1
Event: 25.313 Loading class java/util/zip/GZIPInputStream$1 done

Classes unloaded (7 events):
Event: 19.162 Thread 0x000002061b0c4c30 Unloading class 0x00000206331a0800 'java/lang/invoke/LambdaForm$MH+0x00000206331a0800'
Event: 19.162 Thread 0x000002061b0c4c30 Unloading class 0x00000206331a0400 'java/lang/invoke/LambdaForm$MH+0x00000206331a0400'
Event: 19.162 Thread 0x000002061b0c4c30 Unloading class 0x00000206331a0000 'java/lang/invoke/LambdaForm$MH+0x00000206331a0000'
Event: 19.162 Thread 0x000002061b0c4c30 Unloading class 0x000002063319fc00 'java/lang/invoke/LambdaForm$MH+0x000002063319fc00'
Event: 19.162 Thread 0x000002061b0c4c30 Unloading class 0x000002063319f800 'java/lang/invoke/LambdaForm$BMH+0x000002063319f800'
Event: 19.162 Thread 0x000002061b0c4c30 Unloading class 0x000002063319f400 'java/lang/invoke/LambdaForm$DMH+0x000002063319f400'
Event: 19.162 Thread 0x000002061b0c4c30 Unloading class 0x000002063319e000 'java/lang/invoke/LambdaForm$DMH+0x000002063319e000'

Classes redefined (0 events):
No events

Internal exceptions (20 events):
Event: 24.912 Thread 0x000002067b42f6d0 Exception <a 'sun/nio/fs/WindowsException'{0x00000000d5cc92b0}> (0x00000000d5cc92b0) 
thrown [s\src\hotspot\share\prims\jni.cpp, line 520]
Event: 24.960 Thread 0x000002067b42f6d0 Exception <a 'java/lang/NoSuchMethodError'{0x00000000d5e9a710}: method resolution failed> (0x00000000d5e9a710) 
thrown [s\src\hotspot\share\prims\methodHandles.cpp, line 1144]
Event: 25.009 Thread 0x000002067c977930 Exception <a 'sun/nio/fs/WindowsException'{0x00000000d6147c20}> (0x00000000d6147c20) 
thrown [s\src\hotspot\share\prims\jni.cpp, line 520]
Event: 25.055 Thread 0x000002067b42dc90 Exception <a 'java/lang/NoSuchMethodError'{0x00000000d62de788}: 'java.lang.Object java.lang.invoke.DirectMethodHandle$Holder.invokeSpecial(java.lang.Object, java.lang.Object, int, long)'> (0x00000000d62de788) 
thrown [s\src\hotspot\share\interpreter\linkResolver.cpp, line 773]
Event: 25.138 Thread 0x000002067c973e20 Exception <a 'java/io/FileNotFoundException'{0x00000000d67bc420}> (0x00000000d67bc420) 
thrown [s\src\hotspot\share\prims\jni.cpp, line 520]
Event: 25.138 Thread 0x000002067c973e20 Exception <a 'java/io/FileNotFoundException'{0x00000000d67bd450}> (0x00000000d67bd450) 
thrown [s\src\hotspot\share\prims\jni.cpp, line 520]
Event: 25.242 Thread 0x000002067b4352b0 Exception <a 'java/lang/NoSuchMethodError'{0x00000000d5d5e350}: 'int java.lang.invoke.Invokers$Holder.invokeExact_MT(java.lang.Object, java.lang.Object)'> (0x00000000d5d5e350) 
thrown [s\src\hotspot\share\interpreter\linkResolver.cpp, line 773]
Event: 25.578 Thread 0x0000020674e0c780 Exception <a 'java/lang/NoSuchMethodError'{0x00000000d5faf668}: 'void java.lang.invoke.DirectMethodHandle$Holder.invokeStatic(java.lang.Object, java.lang.Object, java.lang.Object, int)'> (0x00000000d5faf668) 
thrown [s\src\hotspot\share\interpreter\linkResolver.cpp, line 773]
Event: 25.595 Thread 0x0000020674e0c780 Exception <a 'java/lang/NoSuchMethodError'{0x00000000d6399d10}: 'void java.lang.invoke.DirectMethodHandle$Holder.invokeVirtual(java.lang.Object, java.lang.Object, int)'> (0x00000000d6399d10) 
thrown [s\src\hotspot\share\interpreter\linkResolver.cpp, line 773]
Event: 26.415 Thread 0x000002067c973e20 Implicit null exception at 0x0000020626013ba9 to 0x0000020626014174
Event: 27.067 Thread 0x000002067b433f00 Exception <a 'java/lang/IncompatibleClassChangeError'{0x00000000d5644d70}: Found class java.lang.Object, but interface was expected> (0x00000000d5644d70) 
thrown [s\src\hotspot\share\interpreter\linkResolver.cpp, line 840]
Event: 27.094 Thread 0x000002067c9751d0 Exception <a 'java/lang/ArrayIndexOutOfBoundsException'{0x00000000d584ba38}: Index 1602 out of bounds for length 1601> (0x00000000d584ba38) 
thrown [s\src\hotspot\share\interpreter\interpreterRuntime.cpp, line 439]
Event: 27.144 Thread 0x0000020674e0ba60 Implicit null exception at 0x0000020626182689 to 0x0000020626182774
Event: 27.836 Thread 0x0000020674e0ba60 Implicit null exception at 0x00000206261be4a9 to 0x00000206261c2670
Event: 27.837 Thread 0x0000020674e0ba60 Implicit null exception at 0x00000206261b5b30 to 0x00000206261b6ab4
Event: 27.837 Thread 0x0000020674e0ba60 Implicit null exception at 0x0000020626047009 to 0x0000020626047115
Event: 28.970 Thread 0x0000020674e0c780 Exception <a 'java/lang/NoSuchMethodError'{0x00000000d565a448}: 'void java.lang.invoke.DirectMethodHandle$Holder.invokeInterface(java.lang.Object, java.lang.Object)'> (0x00000000d565a448) 
thrown [s\src\hotspot\share\interpreter\linkResolver.cpp, line 773]
Event: 28.986 Thread 0x000002067c97a090 Exception <a 'java/lang/NoSuchMethodError'{0x00000000d570b248}: 'void java.lang.invoke.DirectMethodHandle$Holder.invokeSpecial(java.lang.Object, java.lang.Object, java.lang.Object, java.lang.Object, java.lang.Object, java.lang.Object, java.lang.Object, java.lang.Object)'> (0x00000000d570b248) 
thrown [s\src\hotspot\share\interpreter\linkResolver.cpp, line 773]
Event: 28.987 Thread 0x000002067c97a720 Exception <a 'java/lang/NoSuchMethodError'{0x00000000d573f398}: 'void java.lang.invoke.DirectMethodHandle$Holder.invokeSpecial(java.lang.Object, java.lang.Object, java.lang.Object, java.lang.Object, java.lang.Object, java.lang.Object, java.lang.Object, java.lang.Object)'> (0x00000000d573f398) 
thrown [s\src\hotspot\share\interpreter\linkResolver.cpp, line 773]
Event: 29.438 Thread 0x000002067c97a720 Implicit null exception at 0x000002062622544f to 0x0000020626225964

ZGC Phase Switch (0 events):
No events

VM Operations (20 events):
Event: 30.745 Executing VM operation: HandshakeAllThreads (Deoptimize)
Event: 30.745 Executing VM operation: HandshakeAllThreads (Deoptimize) done
Event: 30.750 Executing VM operation: ParallelGCFailedAllocation (Allocation Failure)
Event: 30.753 Executing VM operation: ParallelGCFailedAllocation (Allocation Failure) done
Event: 30.783 Executing VM operation: ParallelGCFailedAllocation (Allocation Failure)
Event: 30.785 Executing VM operation: ParallelGCFailedAllocation (Allocation Failure) done
Event: 30.809 Executing VM operation: ParallelGCFailedAllocation (Allocation Failure)
Event: 30.810 Executing VM operation: ParallelGCFailedAllocation (Allocation Failure) done
Event: 30.836 Executing VM operation: ParallelGCFailedAllocation (Allocation Failure)
Event: 30.837 Executing VM operation: ParallelGCFailedAllocation (Allocation Failure) done
Event: 30.880 Executing VM operation: ParallelGCFailedAllocation (Allocation Failure)
Event: 30.882 Executing VM operation: ParallelGCFailedAllocation (Allocation Failure) done
Event: 30.902 Executing VM operation: ParallelGCFailedAllocation (Allocation Failure)
Event: 30.904 Executing VM operation: ParallelGCFailedAllocation (Allocation Failure) done
Event: 30.934 Executing VM operation: ParallelGCFailedAllocation (Allocation Failure)
Event: 30.936 Executing VM operation: ParallelGCFailedAllocation (Allocation Failure) done
Event: 30.977 Executing VM operation: ParallelGCFailedAllocation (Allocation Failure)
Event: 30.979 Executing VM operation: ParallelGCFailedAllocation (Allocation Failure) done
Event: 31.038 Executing VM operation: ParallelGCFailedAllocation (Allocation Failure)
Event: 31.041 Executing VM operation: ParallelGCFailedAllocation (Allocation Failure) done

Memory protections (0 events):
No events

Nmethod flushes (20 events):
Event: 25.473 Thread 0x000002061b0c4c30 flushing  nmethod 0x000002061eaca010
Event: 25.473 Thread 0x000002061b0c4c30 flushing  nmethod 0x000002061ead3a10
Event: 25.473 Thread 0x000002061b0c4c30 flushing  nmethod 0x000002061eade710
Event: 25.473 Thread 0x000002061b0c4c30 flushing  nmethod 0x000002061eae9e90
Event: 25.473 Thread 0x000002061b0c4c30 flushing  nmethod 0x000002061eaebd10
Event: 25.473 Thread 0x000002061b0c4c30 flushing  nmethod 0x000002061eaf1f90
Event: 25.473 Thread 0x000002061b0c4c30 flushing  nmethod 0x000002061eafdf90
Event: 25.473 Thread 0x000002061b0c4c30 flushing  nmethod 0x000002061eb00610
Event: 25.473 Thread 0x000002061b0c4c30 flushing  nmethod 0x000002061eb00d10
Event: 25.473 Thread 0x000002061b0c4c30 flushing  nmethod 0x000002061eb01310
Event: 25.473 Thread 0x000002061b0c4c30 flushing  nmethod 0x000002061eb05490
Event: 25.473 Thread 0x000002061b0c4c30 flushing  nmethod 0x000002061eb05810
Event: 25.473 Thread 0x000002061b0c4c30 flushing  nmethod 0x000002061eb0c210
Event: 25.473 Thread 0x000002061b0c4c30 flushing  nmethod 0x000002061eb13290
Event: 25.473 Thread 0x000002061b0c4c30 flushing  nmethod 0x000002061eb17610
Event: 25.473 Thread 0x000002061b0c4c30 flushing  nmethod 0x000002061eba2490
Event: 25.473 Thread 0x000002061b0c4c30 flushing  nmethod 0x000002061eba3d90
Event: 25.473 Thread 0x000002061b0c4c30 flushing  nmethod 0x000002061ebaad10
Event: 25.473 Thread 0x000002061b0c4c30 flushing  nmethod 0x000002061ebb2890
Event: 25.473 Thread 0x000002061b0c4c30 flushing  nmethod 0x000002061ebb4010

Events (20 events):
Event: 24.923 Thread 0x000002067c9772a0 Thread added: 0x000002067c977930
Event: 24.926 Thread 0x000002067b433f00 Thread added: 0x000002067c977fc0
Event: 25.151 Thread 0x000002067c975ef0 Thread added: 0x000002067c9751d0
Event: 26.016 Thread 0x000002067c977930 Thread exited: 0x000002067c977930
Event: 26.221 Thread 0x000002067b169eb0 Thread exited: 0x000002067b169eb0
Event: 26.603 Thread 0x000002061afb0770 Thread added: 0x000002067b16c790
Event: 26.935 Thread 0x000002067b16c790 Thread exited: 0x000002067b16c790
Event: 26.955 Thread 0x0000020674628c60 Thread exited: 0x0000020674628c60
Event: 27.054 Thread 0x000002061afb0770 Thread added: 0x000002067b16c790
Event: 27.665 Thread 0x000002067b16c790 Thread exited: 0x000002067b16c790
Event: 27.947 Thread 0x000002061afb0770 Thread added: 0x000002067b16c790
Event: 28.400 Thread 0x000002067b16c790 Thread exited: 0x000002067b16c790
Event: 28.603 Thread 0x000002061afb0770 Thread added: 0x000002067b16c790
Event: 28.935 Thread 0x000002061afb0770 Thread added: 0x000002067b16b9f0
Event: 28.983 Thread 0x0000020674e0c780 Thread added: 0x000002067c97a720
Event: 28.984 Thread 0x0000020674e0c780 Thread added: 0x000002067c97a090
Event: 28.984 Thread 0x0000020674e0c780 Thread added: 0x000002067c978ce0
Event: 28.984 Thread 0x0000020674e0c780 Thread added: 0x000002067c979370
Event: 28.984 Thread 0x0000020674e0c780 Thread added: 0x000002067c977930
Event: 29.825 Thread 0x000002067c974b40 Thread exited: 0x000002067c974b40


Dynamic libraries:
0x00007ff674d70000 - 0x00007ff674d7e000 	c:\Users\afons\.vscode\extensions\redhat.java-1.43.1-win32-x64\jre\21.0.7-win32-x86_64\bin\java.exe
0x00007ff8945e0000 - 0x00007ff894847000 	C:\WINDOWS\SYSTEM32\ntdll.dll
0x00007ff892ac0000 - 0x00007ff892b89000 	C:\WINDOWS\System32\KERNEL32.DLL
0x00007ff891a60000 - 0x00007ff891e50000 	C:\WINDOWS\System32\KERNELBASE.dll
0x00007ff88e700000 - 0x00007ff88e79e000 	C:\WINDOWS\SYSTEM32\apphelp.dll
0x00007ff891710000 - 0x00007ff89185b000 	C:\WINDOWS\System32\ucrtbase.dll
0x00007ff866a40000 - 0x00007ff866a5e000 	c:\Users\afons\.vscode\extensions\redhat.java-1.43.1-win32-x64\jre\21.0.7-win32-x86_64\bin\VCRUNTIME140.dll
0x00007ff873610000 - 0x00007ff873628000 	c:\Users\afons\.vscode\extensions\redhat.java-1.43.1-win32-x64\jre\21.0.7-win32-x86_64\bin\jli.dll
0x00007ff8925d0000 - 0x00007ff892795000 	C:\WINDOWS\System32\USER32.dll
0x00007ff8918f0000 - 0x00007ff891917000 	C:\WINDOWS\System32\win32u.dll
0x00007ff894570000 - 0x00007ff89459b000 	C:\WINDOWS\System32\GDI32.dll
0x00007ff876840000 - 0x00007ff876ada000 	C:\WINDOWS\WinSxS\amd64_microsoft.windows.common-controls_6595b64144ccf1df_6.0.26100.4768_none_3e0c112ce331287c\COMCTL32.dll
0x00007ff891920000 - 0x00007ff891a58000 	C:\WINDOWS\System32\gdi32full.dll
0x00007ff893840000 - 0x00007ff8938e9000 	C:\WINDOWS\System32\msvcrt.dll
0x00007ff891e60000 - 0x00007ff891f03000 	C:\WINDOWS\System32\msvcp_win.dll
0x00007ff892370000 - 0x00007ff89239f000 	C:\WINDOWS\System32\IMM32.DLL
0x00007ff887d00000 - 0x00007ff887d0c000 	c:\Users\afons\.vscode\extensions\redhat.java-1.43.1-win32-x64\jre\21.0.7-win32-x86_64\bin\vcruntime140_1.dll
0x00007ff84b4e0000 - 0x00007ff84b56d000 	c:\Users\afons\.vscode\extensions\redhat.java-1.43.1-win32-x64\jre\21.0.7-win32-x86_64\bin\msvcp140.dll
0x00007fffe5a30000 - 0x00007fffe67c0000 	c:\Users\afons\.vscode\extensions\redhat.java-1.43.1-win32-x64\jre\21.0.7-win32-x86_64\bin\server\jvm.dll
0x00007ff892b90000 - 0x00007ff892c44000 	C:\WINDOWS\System32\ADVAPI32.dll
0x00007ff892a10000 - 0x00007ff892ab6000 	C:\WINDOWS\System32\sechost.dll
0x00007ff894320000 - 0x00007ff894438000 	C:\WINDOWS\System32\RPCRT4.dll
0x00007ff892550000 - 0x00007ff8925c4000 	C:\WINDOWS\System32\WS2_32.dll
0x00007ff891570000 - 0x00007ff8915ce000 	C:\WINDOWS\SYSTEM32\POWRPROF.dll
0x00007ff87b730000 - 0x00007ff87b765000 	C:\WINDOWS\SYSTEM32\WINMM.dll
0x00007ff885f10000 - 0x00007ff885f1b000 	C:\WINDOWS\SYSTEM32\VERSION.dll
0x00007ff891550000 - 0x00007ff891564000 	C:\WINDOWS\SYSTEM32\UMPDC.dll
0x00007ff890460000 - 0x00007ff89047b000 	C:\WINDOWS\SYSTEM32\kernel.appcore.dll
0x00007ff87fba0000 - 0x00007ff87fbaa000 	c:\Users\afons\.vscode\extensions\redhat.java-1.43.1-win32-x64\jre\21.0.7-win32-x86_64\bin\jimage.dll
0x00007ff8884d0000 - 0x00007ff888711000 	C:\WINDOWS\SYSTEM32\DBGHELP.DLL
0x00007ff892d00000 - 0x00007ff893085000 	C:\WINDOWS\System32\combase.dll
0x00007ff894470000 - 0x00007ff894550000 	C:\WINDOWS\System32\OLEAUT32.dll
0x00007ff862b80000 - 0x00007ff862bc3000 	C:\WINDOWS\SYSTEM32\dbgcore.DLL
0x00007ff8922d0000 - 0x00007ff892369000 	C:\WINDOWS\System32\bcryptPrimitives.dll
0x00007ff879b30000 - 0x00007ff879b3f000 	c:\Users\afons\.vscode\extensions\redhat.java-1.43.1-win32-x64\jre\21.0.7-win32-x86_64\bin\instrument.dll
0x00007ff8654e0000 - 0x00007ff8654ff000 	c:\Users\afons\.vscode\extensions\redhat.java-1.43.1-win32-x64\jre\21.0.7-win32-x86_64\bin\java.dll
0x00007ff893b70000 - 0x00007ff8942bd000 	C:\WINDOWS\System32\SHELL32.dll
0x00007ff891f10000 - 0x00007ff892083000 	C:\WINDOWS\System32\wintypes.dll
0x00007ff88f2d0000 - 0x00007ff88fb2f000 	C:\WINDOWS\SYSTEM32\windows.storage.dll
0x00007ff893740000 - 0x00007ff893835000 	C:\WINDOWS\System32\SHCORE.dll
0x00007ff893090000 - 0x00007ff8930fa000 	C:\WINDOWS\System32\shlwapi.dll
0x00007ff891630000 - 0x00007ff891659000 	C:\WINDOWS\SYSTEM32\profapi.dll
0x00007ff8638e0000 - 0x00007ff8638f8000 	c:\Users\afons\.vscode\extensions\redhat.java-1.43.1-win32-x64\jre\21.0.7-win32-x86_64\bin\zip.dll
0x00007ff878870000 - 0x00007ff878880000 	C:\Users\afons\.vscode\extensions\redhat.java-1.43.1-win32-x64\jre\21.0.7-win32-x86_64\bin\net.dll
0x00007ff884c20000 - 0x00007ff884d3e000 	C:\WINDOWS\SYSTEM32\WINHTTP.dll
0x00007ff890a20000 - 0x00007ff890a8b000 	C:\WINDOWS\system32\mswsock.dll
0x00007ff8772e0000 - 0x00007ff8772f6000 	C:\Users\afons\.vscode\extensions\redhat.java-1.43.1-win32-x64\jre\21.0.7-win32-x86_64\bin\nio.dll
0x00007ff878830000 - 0x00007ff878840000 	c:\Users\afons\.vscode\extensions\redhat.java-1.43.1-win32-x64\jre\21.0.7-win32-x86_64\bin\verify.dll
0x00007ff8765a0000 - 0x00007ff8765e5000 	C:\Users\afons\AppData\Roaming\Code\User\globalStorage\redhat.java\1.43.1\config_win\org.eclipse.equinox.launcher\org.eclipse.equinox.launcher.win32.win32.x86_64_1.2.1300.v20250331-1702\eclipse_11911.dll
0x00007ff893590000 - 0x00007ff893730000 	C:\WINDOWS\System32\ole32.dll
0x00007ff890ce0000 - 0x00007ff890cfb000 	C:\WINDOWS\SYSTEM32\CRYPTSP.dll
0x00007ff8903c0000 - 0x00007ff8903fb000 	C:\WINDOWS\system32\rsaenh.dll
0x00007ff890ac0000 - 0x00007ff890aeb000 	C:\WINDOWS\SYSTEM32\USERENV.dll
0x00007ff891600000 - 0x00007ff891626000 	C:\WINDOWS\SYSTEM32\bcrypt.dll
0x00007ff890d00000 - 0x00007ff890d0c000 	C:\WINDOWS\SYSTEM32\CRYPTBASE.dll
0x00007ff88fe40000 - 0x00007ff88fe73000 	C:\WINDOWS\SYSTEM32\IPHLPAPI.DLL
0x00007ff893b60000 - 0x00007ff893b6a000 	C:\WINDOWS\System32\NSI.dll
0x00007ff86fcd0000 - 0x00007ff86fd19000 	C:\Users\afons\AppData\Local\Temp\jna-92730415\jna12116971359456134700.dll
0x00007ff892540000 - 0x00007ff892548000 	C:\WINDOWS\System32\PSAPI.DLL
0x00007ff885f20000 - 0x00007ff885f3f000 	C:\WINDOWS\SYSTEM32\dhcpcsvc6.DLL
0x00007ff885c50000 - 0x00007ff885c75000 	C:\WINDOWS\SYSTEM32\dhcpcsvc.DLL

dbghelp: loaded successfully - version: 4.0.5 - missing functions: none
symbol engine: initialized successfully - sym options: 0x614 - pdb path: .;c:\Users\afons\.vscode\extensions\redhat.java-1.43.1-win32-x64\jre\21.0.7-win32-x86_64\bin;C:\WINDOWS\SYSTEM32;C:\WINDOWS\WinSxS\amd64_microsoft.windows.common-controls_6595b64144ccf1df_6.0.26100.4768_none_3e0c112ce331287c;c:\Users\afons\.vscode\extensions\redhat.java-1.43.1-win32-x64\jre\21.0.7-win32-x86_64\bin\server;C:\Users\afons\AppData\Roaming\Code\User\globalStorage\redhat.java\1.43.1\config_win\org.eclipse.equinox.launcher\org.eclipse.equinox.launcher.win32.win32.x86_64_1.2.1300.v20250331-1702;C:\Users\afons\AppData\Local\Temp\jna-92730415

VM Arguments:
jvm_args: --add-modules=ALL-SYSTEM --add-opens=java.base/java.util=ALL-UNNAMED --add-opens=java.base/java.lang=ALL-UNNAMED --add-opens=java.base/sun.nio.fs=ALL-UNNAMED -Declipse.application=org.eclipse.jdt.ls.core.id1 -Dosgi.bundles.defaultStartLevel=4 -Declipse.product=org.eclipse.jdt.ls.core.product -Djava.import.generatesMetadataFilesAtProjectRoot=false -DDetectVMInstallationsJob.disabled=true -Dfile.encoding=utf8 -XX:+UseParallelGC -XX:GCTimeRatio=4 -XX:AdaptiveSizePolicyWeight=90 -Dsun.zip.disableMemoryMapping=true -Xmx2G -Xms100m -Xlog:disable -javaagent:c:\Users\afons\.vscode\extensions\redhat.java-1.43.1-win32-x64\lombok\lombok-1.18.39-4050.jar -XX:+HeapDumpOnOutOfMemoryError -XX:HeapDumpPath=c:\Users\afons\AppData\Roaming\Code\User\workspaceStorage\b2509ea36dbf2085d57c344f080729fb\redhat.java -Daether.dependencyCollector.impl=bf 
java_command: c:\Users\afons\.vscode\extensions\redhat.java-1.43.1-win32-x64\server\plugins\org.eclipse.equinox.launcher_1.7.0.v20250519-0528.jar -configuration c:\Users\afons\AppData\Roaming\Code\User\globalStorage\redhat.java\1.43.1\config_win -data c:\Users\afons\AppData\Roaming\Code\User\workspaceStorage\b2509ea36dbf2085d57c344f080729fb\redhat.java\jdt_ws --pipe=\\.\pipe\lsp-bf5c18a45f0d0392cb0da4f0bd9ef653-sock
java_class_path (initial): c:\Users\afons\.vscode\extensions\redhat.java-1.43.1-win32-x64\server\plugins\org.eclipse.equinox.launcher_1.7.0.v20250519-0528.jar
Launcher Type: SUN_STANDARD

[Global flags]
    uintx AdaptiveSizePolicyWeight                 = 90                                        {product} {command line}
     intx CICompilerCount                          = 4                                         {product} {ergonomic}
    uintx GCTimeRatio                              = 4                                         {product} {command line}
     bool HeapDumpOnOutOfMemoryError               = true                                   {manageable} {command line}
    ccstr HeapDumpPath                             = c:\Users\afons\AppData\Roaming\Code\User\workspaceStorage\b2509ea36dbf2085d57c344f080729fb\redhat.java         {manageable} {command line}
   size_t InitialHeapSize                          = 104857600                                 {product} {command line}
   size_t MaxHeapSize                              = 2147483648                                {product} {command line}
   size_t MaxNewSize                               = 715653120                                 {product} {ergonomic}
   size_t MinHeapDeltaBytes                        = 524288                                    {product} {ergonomic}
   size_t MinHeapSize                              = 104857600                                 {product} {command line}
   size_t NewSize                                  = 34603008                                  {product} {ergonomic}
    uintx NonNMethodCodeHeapSize                   = 5839372                                {pd product} {ergonomic}
    uintx NonProfiledCodeHeapSize                  = 122909434                              {pd product} {ergonomic}
   size_t OldSize                                  = 70254592                                  {product} {ergonomic}
    uintx ProfiledCodeHeapSize                     = 122909434                              {pd product} {ergonomic}
    uintx ReservedCodeCacheSize                    = 251658240                              {pd product} {ergonomic}
     bool SegmentedCodeCache                       = true                                      {product} {ergonomic}
   size_t SoftMaxHeapSize                          = 2147483648                             {manageable} {ergonomic}
     bool UseCompressedOops                        = true                           {product lp64_product} {ergonomic}
     bool UseLargePagesIndividualAllocation        = false                                  {pd product} {ergonomic}
     bool UseParallelGC                            = true                                      {product} {command line}

Logging:
Log output configuration:
 #0: stdout all=off uptime,level,tags foldmultilines=false
 #1: stderr all=off uptime,level,tags foldmultilines=false

Environment Variables:
PATH=C:\Program Files\Common Files\Oracle\Java\javapath;C:\Windows\system32;C:\Windows;C:\Windows\System32\Wbem;C:\Windows\System32\WindowsPowerShell\v1.0\;C:\Windows\System32\OpenSSH\;C:\Program Files (x86)\NVIDIA Corporation\PhysX\Common;C:\WINDOWS\system32;C:\WINDOWS;C:\WINDOWS\System32\Wbem;C:\WINDOWS\System32\WindowsPowerShell\v1.0\;C:\WINDOWS\System32\OpenSSH\;C:\Program Files\Git\cmd;C:\Program Files\dotnet\;C:\Users\afons\AppData\Local\Programs\Python\Python39\Scripts;C:\Users\afons\OneDrive\Documentos\Desenvolvimento\apache-maven-3.8.8\bin;C:\Users\afons\OneDrive\Documentos\Desenvolvimento\apache-maven-3.8.8\bin;C:\Program Files\NVIDIA Corporation\NVIDIA app\NvDLISR;C:\Program Files (x86)\Windows Kits\10\Windows Performance Toolkit\;C:\Users\afons\AppData\Local\Microsoft\WindowsApps;C:\Users\afons\AppData\Local\Programs\Microsoft VS Code\bin;C:\MinGW\bin;C:\Users\afons\.dotnet\tools;C:\Users\afons\OneDrive\Documentos\Desenvolvimento\apache-maven-4.0.0-rc-2\bin;
USERNAME=afons
OS=Windows_NT
PROCESSOR_IDENTIFIER=Intel64 Family 6 Model 142 Stepping 12, GenuineIntel
TMP=C:\Users\afons\AppData\Local\Temp
TEMP=C:\Users\afons\AppData\Local\Temp




Periodic native trim disabled

---------------  S Y S T E M  ---------------

OS:
 Windows 11 , 64 bit Build 26100 (10.0.26100.4768)
OS uptime: 0 days 0:09 hours
Hyper-V role detected

CPU: total 8 (initial active 8) (4 cores per cpu, 2 threads per core) family 6 model 142 stepping 12 microcode 0xde, cx8, cmov, fxsr, ht, mmx, 3dnowpref, sse, sse2, sse3, ssse3, sse4.1, sse4.2, popcnt, lzcnt, tsc, tscinvbit, avx, avx2, aes, erms, clmul, bmi1, bmi2, adx, fma, vzeroupper, clflush, clflushopt, hv, rdtscp, f16c
Processor Information for the first 8 processors :
  Max Mhz: 2112, Current Mhz: 1609, Mhz Limit: 1605

Memory: 4k page, system-wide physical 8013M (1450M free)
TotalPageFile size 12365M (AvailPageFile size 4151M)
current process WorkingSet (physical memory assigned to process): 370M, peak: 373M
current process commit charge ("private bytes"): 439M, peak: 444M

vm_info: OpenJDK 64-Bit Server VM (21.0.7+6-LTS) for windows-amd64 JRE (21.0.7+6-LTS), built on 2025-04-15T00:00:00Z by "admin" with MS VC++ 17.7 (VS2022)

END.
